Fetching database entries...
Found 836 total entries.
Found 1 duplicates for URL: https://x.com/HussainIbarra/status/1843560872532226130
Found 1 duplicates for URL: https://x.com/HussainIbarra/status/1850112259323830613
Found 1 duplicates for URL: https://x.com/AshvinRajasiri/status/1856702321402818829
Found 1 duplicates for URL: https://x.com/itsolelehmann/status/1850531655427174709
Found 1 duplicates for URL: https://x.com/itsolelehmann/status/1856759960648257765
Found 1 duplicates for URL: https://x.com/hosun_chung/status/1852091355314729421
Found 1 duplicates for URL: https://x.com/hosun_chung/status/1821965256614408396
Found 1 duplicates for URL: https://x.com/brennarkyle_/status/1863627745034416567
Found 1 duplicates for URL: https://x.com/GeniusGTX/status/1879513926486139232
Found 1 duplicates for URL: https://x.com/GeniusGTX/status/1809930933421953518
Deleting 10 duplicate entries...
Deleted page with ID: dc53acab-9a32-4fff-a43c-31ed89cc62ae
Deleted page with ID: 2ef8c374-b230-404e-a656-3fa028db13d1
Deleted page with ID: e596861d-777d-40a9-8337-7ca7b33dcb6b
Deleted page with ID: 86280f2b-17de-4ab7-b851-9b555a814827
Deleted page with ID: 2843ddb0-fa22-4c38-8196-415fe8676e8a
Deleted page with ID: f72410b6-25c9-4e10-b092-49d848e2d0b6
Deleted page with ID: 5a6882aa-20c0-4593-9515-0005080cb722
Deleted page with ID: b53303de-7575-4e75-8ae9-6355c9993c6e
Deleted page with ID: 21ea48ff-3d12-44be-ab57-726a59d6ce4c
Deleted page with ID: b4e43831-8a64-4ee5-a1c2-a38d48cc94de
Duplicate removal complete.
