Fetching database entries...
Found 1686 total entries.
Found 1 duplicates for URL: https://x.com/wayneyap/status/1894337810813128795
Found 1 duplicates for URL: https://x.com/wayneyap/status/1904354961942859833
Found 1 duplicates for URL: https://x.com/wayneyap/status/1906662806210089044
Found 1 duplicates for URL: https://x.com/itsolelehmann/status/1881691960098082864
Found 1 duplicates for URL: https://x.com/itsolelehmann/status/1879178195746062735
Found 1 duplicates for URL: https://x.com/bensmithlive/status/1844795553554616459
Found 1 duplicates for URL: https://x.com/craigbrockie/status/1865052637462470730
Found 1 duplicates for URL: https://x.com/clinjar/status/1902392613040484443
Found 1 duplicates for URL: https://x.com/craigbrockie/status/1909599329993851070
Found 1 duplicates for URL: https://x.com/the_no_mind/status/1910693367379357788
Found 1 duplicates for URL: https://x.com/LeddyLLC/status/1901971938433511820
Found 1 duplicates for URL: https://x.com/TheWarEnglish/status/1917188474626548053
Deleting 12 duplicate entries...
Deleted page with ID: 8357b1b4-7dc6-4e8b-a5de-2797a4ac59ef
Deleted page with ID: d43b24ac-d01c-4128-a3c0-824a81517dc1
Deleted page with ID: cc4623ac-3567-47b6-adde-bd190ba23358
Deleted page with ID: 4fab2c38-16cd-471e-8ee1-0024e5ac6c23
Deleted page with ID: c638681a-4837-4c93-a957-39953af625cd
Deleted page with ID: 840e19bd-6a77-46f2-9395-02f182d59c33
Deleted page with ID: 93257d9b-6999-4c18-87cf-f89c97829f73
Deleted page with ID: 00779e8a-a01d-4c56-b1d5-290a5c779982
Deleted page with ID: 3f29a49d-6bc2-4224-b26f-67395f5510e1
Deleted page with ID: 54948c5b-4b6a-4b62-88dc-22fe46498ec6
Deleted page with ID: 4d73ef15-cb12-45d7-9de2-df3e13dc3f6b
Deleted page with ID: 736b6f0c-ce1a-4ceb-9fbc-197bcd486a96
Duplicate removal complete.
