Fetching database entries...
Found 1228 total entries.
Found 1 duplicates for URL: https://x.com/TheWarEnglish/status/1902692978356834632
Found 1 duplicates for URL: https://x.com/TheWarEnglish/status/1901968267314704393
Found 1 duplicates for URL: https://x.com/TheWarEnglish/status/1907041645196886390
Found 1 duplicates for URL: https://x.com/TheWarEnglish/status/1899069102980772097
Found 1 duplicates for URL: https://x.com/thejimmymackey/status/1768623130107416965
Found 1 duplicates for URL: https://x.com/AaronRofficial_/status/1906714193014739040
Found 1 duplicates for URL: https://x.com/jaynitx/status/1900159993782972547
Found 1 duplicates for URL: https://x.com/TimothySolinger/status/1899471151929110983
Found 1 duplicates for URL: https://x.com/theoscarhoole/status/1856707470682677283
Deleting 9 duplicate entries...
Deleted page with ID: 1552c8bd-2458-461f-8156-dcc36a9048c5
Deleted page with ID: 533137d8-329e-4256-947d-14886ce3ef1b
Deleted page with ID: 288efa41-5303-4af5-855c-4b4384e44e1e
Deleted page with ID: 6af036b4-a159-4111-a4a6-8fa9d8465016
Deleted page with ID: 1555f01b-52f9-4c57-a3c6-328113846cef
Deleted page with ID: fa8d27b6-b43c-48e9-a03a-85e34cad031a
Deleted page with ID: 48921904-3927-43c0-a1fe-12e73d2432d7
Deleted page with ID: a29905e0-3c6a-4c76-b7cb-7cb37f3503d3
Deleted page with ID: 915de7da-8f80-48e5-b8b1-f62098e95b46
Duplicate removal complete.
