Fetching database entries...
Found 1016 total entries.
Found 1 duplicates for URL: https://x.com/thefernandocz/status/1850528796556017695
Found 1 duplicates for URL: https://x.com/BenChanThreads/status/1866134576487186563
Found 1 duplicates for URL: https://x.com/BaptisteVicini/status/1862186280270139547
Found 1 duplicates for URL: https://x.com/BaptisteVicini/status/1865102603392291019
Found 1 duplicates for URL: https://x.com/BaptisteVicini/status/1826996163280785453
Found 1 duplicates for URL: https://x.com/wayneyap/status/1878024568641916989
Found 1 duplicates for URL: https://x.com/wayneyap/status/1888181020530561199
Found 1 duplicates for URL: https://x.com/timjcarden/status/1850037589983756535
Found 1 duplicates for URL: https://x.com/Tim_Denning/status/1801207176620302723
Found 1 duplicates for URL: https://x.com/Tim_Denning/status/1877795319385124944
Found 1 duplicates for URL: https://x.com/Tim_Denning/status/1909924883754012895
Found 1 duplicates for URL: https://x.com/Tim_Denning/status/1879971857597661399
Found 1 duplicates for URL: https://x.com/Tim_Denning/status/1814255123247313141
Found 1 duplicates for URL: https://x.com/Tim_Denning/status/1785994660747354573
Found 1 duplicates for URL: https://x.com/Tim_Denning/status/1790699666276831320
Found 1 duplicates for URL: https://x.com/Tim_Denning/status/1859174109852107188
Found 1 duplicates for URL: https://x.com/Tim_Denning/status/1784899200288719125
Found 1 duplicates for URL: https://x.com/Tim_Denning/status/1780189156938826094
Found 1 duplicates for URL: https://x.com/Tim_Denning/status/1781280348250190162
Found 1 duplicates for URL: https://x.com/Tim_Denning/status/1824763616094015891
Found 1 duplicates for URL: https://x.com/Tim_Denning/status/1768578180355395624
Found 1 duplicates for URL: https://x.com/Tim_Denning/status/1789975643544854815
Found 1 duplicates for URL: https://x.com/Tim_Denning/status/1826217960702156983
Found 1 duplicates for URL: https://x.com/Tim_Denning/status/1839633876399915070
Found 1 duplicates for URL: https://x.com/Tim_Denning/status/1866422145389048061
Found 1 duplicates for URL: https://x.com/Tim_Denning/status/1865334570578481492
Found 1 duplicates for URL: https://x.com/Tim_Denning/status/1877071815727583568
Found 1 duplicates for URL: https://x.com/Tim_Denning/status/1807738687045751211
Found 1 duplicates for URL: https://x.com/Tim_Denning/status/1783450145176068407
Found 1 duplicates for URL: https://x.com/Tim_Denning/status/1773658382274060731
Found 1 duplicates for URL: https://x.com/Tim_Denning/status/1796497156678816040
Found 1 duplicates for URL: https://x.com/Tim_Denning/status/1882368395733045411
Found 1 duplicates for URL: https://x.com/Tim_Denning/status/1788161687779934670
Found 1 duplicates for URL: https://x.com/Tim_Denning/status/1823675305115914323
Found 1 duplicates for URL: https://x.com/Tim_Denning/status/1869330539150278959
Found 1 duplicates for URL: https://x.com/Tim_Denning/status/1854965146264703045
Found 1 duplicates for URL: https://x.com/Tim_Denning/status/1791787331101274227
Found 1 duplicates for URL: https://x.com/Tim_Denning/status/1843233844029223193
Found 1 duplicates for URL: https://x.com/Tim_Denning/status/1864249576703627364
Found 1 duplicates for URL: https://x.com/Tim_Denning/status/1828386501970829508
Found 1 duplicates for URL: https://x.com/Tim_Denning/status/1771478010094321974
Found 1 duplicates for URL: https://x.com/Tim_Denning/status/1909201337109172593
Found 1 duplicates for URL: https://x.com/Tim_Denning/status/1821639884030742689
Found 1 duplicates for URL: https://x.com/NikHuno/status/1887168079874170942
Found 1 duplicates for URL: https://x.com/NikHuno/status/1884993918460145857
Found 1 duplicates for URL: https://x.com/constantine_rm/status/1893001504359096628
Deleting 46 duplicate entries...
Deleted page with ID: 15b19190-f654-4621-a285-4cd683470618
Deleted page with ID: 1cdedb45-23da-4a09-951f-3fac7a7c276c
Deleted page with ID: 86b7c26a-fd63-4c4c-a690-d8c2afe95a9f
Deleted page with ID: ce66d633-3849-40d5-a258-1aba9493d7d5
Deleted page with ID: 9b576722-114f-40b5-91e9-1b16dd353a28
Deleted page with ID: 1dd52406-6259-43f6-9b48-d7923d8ad335
Deleted page with ID: 5cd67085-56c1-4628-844d-fde7641316e4
Deleted page with ID: 1624390c-e07a-4336-abfe-8fc3346456e6
Deleted page with ID: f001c742-6bc7-4044-80ad-f4dab10488bd
Deleted page with ID: 1b7aa625-86c2-4168-aae4-08c483501ba1
Deleted page with ID: dcdeed8d-6f65-46a9-9651-c0f16ded0e5f
Deleted page with ID: 6c510479-1d07-4f00-a963-8404716d22d5
Deleted page with ID: 424de8bf-a931-4f13-a24b-5fba64880f92
Deleted page with ID: 693f05b8-cfd3-4a3d-b1c2-8ac6dac1de05
Deleted page with ID: b91258d4-179d-47b5-8930-857cdd3dd313
Deleted page with ID: 5b6ae9cb-88c4-4fc4-9fcc-4bd10c517dd5
Deleted page with ID: e6139dca-de87-4da1-8700-b8a4ab322b74
Deleted page with ID: 4c358f24-2fc1-4804-9b31-5251c8f869e2
Deleted page with ID: a339268f-9580-44b4-abbd-c3d539617684
Deleted page with ID: 34628bf7-39dd-4744-ac94-f58cf6396a21
Deleted page with ID: 2663d0ca-31e8-4603-9a2a-c679226d458d
Deleted page with ID: 799364b8-2178-4b6e-9026-f738b2abe153
Deleted page with ID: 01f8619f-53f3-4ef7-a27a-5a856209afaf
Deleted page with ID: d6c93215-8a96-4041-a521-80ce5c1af13f
Deleted page with ID: 58eb686f-8c2d-4dff-915b-19daf69131c0
Deleted page with ID: 6b23963a-6d6d-40b4-8ffd-1daafeda363b
Deleted page with ID: 93c148d4-f49e-404c-af1a-54a210fe07d5
Deleted page with ID: d684164a-7a22-4d20-9d92-d8f88d5277c2
Deleted page with ID: a8b64702-e267-4c4c-b9be-87c799c361b5
Deleted page with ID: afcc54a0-8cd4-4386-9e8b-2c82b15d6775
Deleted page with ID: 51e5722d-11fa-492f-9551-c2703932144c
Deleted page with ID: 396de5b3-8057-4f9c-bce3-63093dfa66e4
Deleted page with ID: 66268672-4f68-420a-a48d-77e5780382b9
Deleted page with ID: ee6a01a1-345d-4989-b001-49f2fece4f99
Deleted page with ID: 30efbfba-53af-43e6-a0fe-229956200b89
Deleted page with ID: 5676b5cd-06e5-4dba-9e67-e36773068ee1
Deleted page with ID: 5460e674-319e-449e-9497-f1c967a2dd6f
Deleted page with ID: d367e36e-4cfe-46e7-9a79-92df0efd8979
Deleted page with ID: ec521268-e050-43ba-9dab-8872369bc44d
Deleted page with ID: 75983909-d90b-4c6a-906a-050306dcd89a
Deleted page with ID: 38fd1bc0-e5dd-4ca4-a5d3-0b6700696459
Deleted page with ID: 45dbaa1b-a0dd-467c-bb15-c8c0f4ed47cd
Deleted page with ID: 218b7389-372c-47f9-9a3d-d49997e1eefa
Deleted page with ID: ddf11c04-6243-4a60-b5ac-b3d37cbc166c
Deleted page with ID: 0a35338b-de8f-4bec-b0f6-72f5a3fa0257
Deleted page with ID: e7046b44-b589-45dd-b575-37596ad804ff
Duplicate removal complete.
