Fetching database entries...
Found 1500 total entries.
Found 1 duplicates for URL: https://x.com/Longevity_EDU/status/1886395474975875174
Found 1 duplicates for URL: https://x.com/IamProHuman/status/1784933484735221807
Found 1 duplicates for URL: https://x.com/IamProHuman/status/1841214531155980500
Found 1 duplicates for URL: https://x.com/IamProHuman/status/1842213891478061333
Found 1 duplicates for URL: https://x.com/IamProHuman/status/1846223242630992160
Found 1 duplicates for URL: https://x.com/IamProHuman/status/1855269479837573323
Found 1 duplicates for URL: https://x.com/IamProHuman/status/1856713242921345241
Found 1 duplicates for URL: https://x.com/IamProHuman/status/1859633620107001959
Found 1 duplicates for URL: https://x.com/IamProHuman/status/1862546409633063272
Found 1 duplicates for URL: https://x.com/IamProHuman/status/1889357593908551832
Found 1 duplicates for URL: https://x.com/IamProHuman/status/1907454905692135457
Found 1 duplicates for URL: https://x.com/TommiBooks/status/1873375487675781622
Deleting 12 duplicate entries...
Deleted page with ID: d9b4b0f0-a59f-440a-acdf-c0a3063ed647
Deleted page with ID: b68bf3c1-7f90-4046-8efe-729890cbb43e
Deleted page with ID: 81953205-436b-4ba5-bbf8-1848c23ce98b
Deleted page with ID: 7507d04a-5563-44a8-900e-6528c4050911
Deleted page with ID: f6fa2cd6-0fcb-4bfd-8ed9-7bfca6bee2fe
Deleted page with ID: 99beb0d2-7283-4850-9a37-9802481a524c
Deleted page with ID: 8ddf2389-d782-4708-8503-c2bfe40f56c8
Deleted page with ID: bb429615-887f-4835-afed-ade878613fe7
Deleted page with ID: a23a9fa1-afec-4206-b2c6-b850de36cc9b
Deleted page with ID: 363316e7-da3e-4d98-ba8e-298e04208166
Deleted page with ID: 2bd4ee6a-2221-40a2-ac1b-d808981f990c
Deleted page with ID: 35745d27-1365-4d61-b5a3-43980f521379
Duplicate removal complete.
