Fetching database entries...
Found 2176 total entries.
Found 1 duplicates for URL: https://x.com/BobbyFreiler/status/1952389773286580666
Found 1 duplicates for URL: https://x.com/Dr_Biohacker/status/1949106694115778633
Found 1 duplicates for URL: https://x.com/wayneyap/status/1894337810813128795
Found 1 duplicates for URL: https://x.com/wayneyap/status/1904354961942859833
Found 1 duplicates for URL: https://x.com/wayneyap/status/1920795934293979643
Found 1 duplicates for URL: https://x.com/wayneyap/status/1906662806210089044
Found 1 duplicates for URL: https://x.com/itsolelehmann/status/1916855226247815500
Found 1 duplicates for URL: https://x.com/itsolelehmann/status/1881691960098082864
Found 1 duplicates for URL: https://x.com/itsolelehmann/status/1879178195746062735
Found 1 duplicates for URL: https://x.com/bensmithlive/status/1857117497910305138
Found 1 duplicates for URL: https://x.com/bensmithlive/status/1861155404342009898
Found 1 duplicates for URL: https://x.com/bensmithlive/status/1850938348342509955
Found 1 duplicates for URL: https://x.com/bensmithlive/status/1921211140551700574
Found 1 duplicates for URL: https://x.com/bensmithlive/status/1889722951857033718
Found 1 duplicates for URL: https://x.com/bensmithlive/status/1911067385282675058
Found 1 duplicates for URL: https://x.com/bensmithlive/status/1892214640983019733
Found 1 duplicates for URL: https://x.com/bensmithlive/status/1844795553554616459
Found 1 duplicates for URL: https://x.com/bensmithlive/status/1904214204724150389
Found 1 duplicates for URL: https://x.com/bensmithlive/status/1918732121289691324
Found 1 duplicates for URL: https://x.com/bensmithlive/status/1881032303729848463
Found 1 duplicates for URL: https://x.com/bensmithlive/status/1908482901911421126
Found 1 duplicates for URL: https://x.com/bensmithlive/status/1909648026492354907
Found 1 duplicates for URL: https://x.com/bensmithlive/status/1890794513280425999
Found 1 duplicates for URL: https://x.com/bensmithlive/status/1819757730673869267
Found 1 duplicates for URL: https://x.com/bensmithlive/status/1929496993631748303
Found 1 duplicates for URL: https://x.com/bensmithlive/status/1809627900875816983
Found 1 duplicates for URL: https://x.com/FitFounder/status/1813237388035916280
Found 1 duplicates for URL: https://x.com/FitFounder/status/1779165010687594837
Found 1 duplicates for URL: https://x.com/craigbrockie/status/1834594261012234710
Found 1 duplicates for URL: https://x.com/ColinKeeley/status/1672583187078479872
Found 1 duplicates for URL: https://x.com/ColinKeeley/status/1675124451191713792
Found 1 duplicates for URL: https://x.com/craigbrockie/status/1865052637462470730
Found 1 duplicates for URL: https://x.com/craigbrockie/status/1849471268367880441
Found 1 duplicates for URL: https://x.com/timjcarden/status/1782416582180016193?ref_src=twsrc%5Etfw%7Ctwcamp%5Etweetembed%7Ctwterm%5E1782416582180016193%7Ctwgr%5E8cac3df8f71d40e7c7732c1eb6e621dfdfb69b2d%7Ctwcon%5Es1_&ref_url=https%3A%2F%2Fwww.notion.so%2Fgeniusthinking%2FI-used-to-be-stressed-out-of-my-mind-Then-I-spent-100-hours-binging-every-single-Andrew-Huberman-p-23204fca1794814b96e9e1c0251e88a8%3Fpvs%3D25
Found 1 duplicates for URL: https://x.com/Nicolascole77/status/1824422636316659766
Found 1 duplicates for URL: https://x.com/clinjar/status/1902392613040484443
Found 1 duplicates for URL: https://x.com/craigbrockie/status/1909599329993851070
Found 1 duplicates for URL: https://x.com/the_no_mind/status/1910693367379357788
Found 1 duplicates for URL: https://x.com/KenBerenger/status/1915791684660818066
Found 1 duplicates for URL: https://x.com/The_SocialCode/status/1915790538076258480
Found 1 duplicates for URL: https://x.com/Gladiatorszonee/status/1924446873827295458
Found 1 duplicates for URL: https://x.com/DrShayanSen/status/1933548683678896627
Found 1 duplicates for URL: https://x.com/clinjar/status/1938949265893827066
Found 1 duplicates for URL: https://x.com/ecomEddie/status/1767536343671013778
Found 1 duplicates for URL: https://x.com/ecomEddie/status/1765746519419015296
Found 1 duplicates for URL: https://x.com/ecomEddie/status/1765022317745246248
Found 1 duplicates for URL: https://x.com/ecomEddie/status/1759929817116369263
Found 1 duplicates for URL: https://x.com/ecomEddie/status/1771214620490940784
Found 1 duplicates for URL: https://x.com/ecomEddie/status/1762840154937675825
Found 1 duplicates for URL: https://x.com/ecomEddie/status/1760653751520555324
Found 1 duplicates for URL: https://x.com/ecomEddie/status/1775184897042461071
Found 1 duplicates for URL: https://x.com/ecomEddie/status/1780974668096446630
Found 1 duplicates for URL: https://x.com/ecomEddie/status/1801265382369702333
Found 1 duplicates for URL: https://x.com/ecomEddie/status/1770465336502161525
Found 1 duplicates for URL: https://x.com/ecomEddie/status/1710641224388911382?ref_src=twsrc%5Etfw%7Ctwcamp%5Etweetembed%7Ctwterm%5E1710641224388911382%7Ctwgr%5E8cac3df8f71d40e7c7732c1eb6e621dfdfb69b2d%7Ctwcon%5Es1_&ref_url=https%3A%2F%2Fwww.notion.so%2Fgeniusthinking%2FI-used-to-be-stressed-out-of-my-mind-Then-I-spent-100-hours-binging-every-single-Andrew-Huberman-p-23204fca1794814b96e9e1c0251e88a8%3Fpvs%3D25
Found 1 duplicates for URL: https://x.com/matt_gray_/status/1723698365328662870?ref_src=twsrc%5Etfw%7Ctwcamp%5Etweetembed%7Ctwterm%5E1723698365328662870%7Ctwgr%5E8cac3df8f71d40e7c7732c1eb6e621dfdfb69b2d%7Ctwcon%5Es1_&ref_url=https%3A%2F%2Fwww.notion.so%2Fgeniusthinking%2FI-used-to-be-stressed-out-of-my-mind-Then-I-spent-100-hours-binging-every-single-Andrew-Huberman-p-23204fca1794814b96e9e1c0251e88a8%3Fpvs%3D25
Found 1 duplicates for URL: https://x.com/matt_gray_/status/1763195188472623512?ref_src=twsrc%5Etfw%7Ctwcamp%5Etweetembed%7Ctwterm%5E1763195188472623512%7Ctwgr%5E8cac3df8f71d40e7c7732c1eb6e621dfdfb69b2d%7Ctwcon%5Es1_&ref_url=https%3A%2F%2Fwww.notion.so%2Fgeniusthinking%2FI-used-to-be-stressed-out-of-my-mind-Then-I-spent-100-hours-binging-every-single-Andrew-Huberman-p-23204fca1794814b96e9e1c0251e88a8%3Fpvs%3D25
Found 1 duplicates for URL: https://x.com/seanpk/status/1765754409206890938
Found 1 duplicates for URL: https://x.com/seanpk/status/1776619706776199206
Found 1 duplicates for URL: https://x.com/seanpk/status/1826980557491769517
Found 1 duplicates for URL: https://x.com/seanpk/status/1780597469195489448
Found 1 duplicates for URL: https://x.com/seanpk/status/1841097987243852034
Found 1 duplicates for URL: https://x.com/seanpk/status/1834217867916775633
Found 1 duplicates for URL: https://x.com/seanpk/status/1741157277665771582
Found 1 duplicates for URL: https://x.com/seanpk/status/1816084529423212824
Found 1 duplicates for URL: https://x.com/GBarsawme/status/1816069870364008621
Found 1 duplicates for URL: https://x.com/IamProHuman/status/1835691972541165786
Found 1 duplicates for URL: https://x.com/GBarsawme/status/1795796646262866207
Found 1 duplicates for URL: https://x.com/fearless_rising/status/1891110518418497920
Found 1 duplicates for URL: https://x.com/fearless_rising/status/1793988527757144102
Found 1 duplicates for URL: https://x.com/fearless_rising/status/1865039457520345432?ref_src=twsrc%5Etfw%7Ctwcamp%5Etweetembed%7Ctwterm%5E1865039457520345432%7Ctwgr%5E8db35f6772d5f760dca3c30b14cbaf4fec0da549%7Ctwcon%5Es1_&ref_url=https%3A%2F%2Fwww.notion.so%2Fgeniusthinking%2FYou-re-not-bad-at-relationships-You-re-stuck-in-survival-mode-wired-from-childhood-Your-atta-23204fca179480b1822df48f478438ae%3Fpvs%3D25
Found 1 duplicates for URL: https://x.com/thebendapp/status/1909614723240436139
Found 1 duplicates for URL: https://x.com/thebendapp/status/1906715621498446013
Found 1 duplicates for URL: https://x.com/thebendapp/status/1916862502207717463
Found 1 duplicates for URL: https://x.com/thebendapp/status/1914688166902292524
Found 1 duplicates for URL: https://x.com/LeddyLLC/status/1944385146943418767
Found 1 duplicates for URL: https://x.com/LeddyLLC/status/1901971938433511820
Found 1 duplicates for URL: https://x.com/LeddyLLC/status/1934948698762662317
Found 1 duplicates for URL: https://x.com/LeddyLLC/status/1925171807973441700
Found 1 duplicates for URL: https://x.com/LeddyLLC/status/1939658991149470023
Found 1 duplicates for URL: https://x.com/LeddyLLC/status/1942195712802083236
Found 1 duplicates for URL: https://x.com/LeddyLLC/status/1938571838231371886
Found 1 duplicates for URL: https://x.com/LeddyLLC/status/1941856172816167275
Found 1 duplicates for URL: https://x.com/LeddyLLC/status/1937122283358945282
Found 1 duplicates for URL: https://x.com/TheWarEnglish/status/1917188474626548053
Found 1 duplicates for URL: https://x.com/thebendapp/status/1921938201125736772
Found 1 duplicates for URL: https://x.com/achilleas_ghost/status/1868642215645663478
Found 1 duplicates for URL: https://x.com/thetomzyd/status/1924470765241643337
Found 1 duplicates for URL: https://x.com/thetomzyd/status/1925914585539760380
Found 1 duplicates for URL: https://x.com/HenritheWolf/status/1916822588329742751
Found 1 duplicates for URL: https://x.com/seanpk/status/1829526507762708787
Found 1 duplicates for URL: https://x.com/LaupWing1994/status/1933843969110315258
Found 1 duplicates for URL: https://x.com/HumanUpgrade_/status/1936781585518579829
Found 1 duplicates for URL: https://x.com/themustufakhan/status/1922639092682215510
Found 1 duplicates for URL: https://x.com/joeyyochheim/status/1940043552035147879
Found 1 duplicates for URL: https://x.com/jakeglmn/status/1941825765965955160
Found 1 duplicates for URL: https://x.com/wayneyap/status/1932753968121475563
Found 1 duplicates for URL: https://x.com/jgreyfriend/status/1942573413509243095
Found 1 duplicates for URL: https://x.com/karlmehta/status/1944754179630891208
Found 1 duplicates for URL: https://x.com/LORWEN108/status/1919350670299369698
Found 1 duplicates for URL: https://x.com/LxngevityLab/status/1937891357231812794
Found 1 duplicates for URL: https://x.com/LxngevityLab/status/1928068872218808731
Found 1 duplicates for URL: https://x.com/LxngevityLab/status/1934978881431159038
Found 1 duplicates for URL: https://x.com/LxngevityLab/status/1936075648411349301
Found 1 duplicates for URL: https://x.com/LxngevityLab/status/1944418371727929550
Found 1 duplicates for URL: https://x.com/PeakLab_/status/1932055219942367306
Found 1 duplicates for URL: https://x.com/PeakLab_/status/1933502919569256606
Found 1 duplicates for URL: https://x.com/PeakLab_/status/1934235617979977917
Found 1 duplicates for URL: https://x.com/PeakLab_/status/1934978002435321985
Found 1 duplicates for URL: https://x.com/PrimeBiology/status/1935677706278252968
Found 1 duplicates for URL: https://x.com/PrimeBiology/status/1937126088452493823
Found 1 duplicates for URL: https://x.com/PrimeBiology/status/1937487933772296692
Found 1 duplicates for URL: https://x.com/PrimeBiology/status/1937850860174029121
Found 1 duplicates for URL: https://x.com/PrimeBiology/status/1938213230578700756
Found 1 duplicates for URL: https://x.com/PrimeBiology/status/1941852201305162209
Found 1 duplicates for URL: https://x.com/LeddyLLC/status/1936035116440338930
Found 1 duplicates for URL: https://x.com/LeddyLLC/status/1936411589084840251
Found 1 duplicates for URL: https://x.com/The_Healthy_Man/status/1944366522845327744
Found 1 duplicates for URL: https://x.com/The_Healthy_Man/status/1927666477622309039
Found 1 duplicates for URL: https://x.com/jakeglmn/status/1919717252599054574
Found 1 duplicates for URL: https://x.com/jakeglmn/status/1914656679918256178
Found 1 duplicates for URL: https://x.com/jakeglmn/status/1942550543127437493
Found 1 duplicates for URL: https://x.com/jakeglmn/status/1913202160852226354
Found 1 duplicates for URL: https://x.com/jakeglmn/status/1908130758935634283
Found 1 duplicates for URL: https://x.com/jakeglmn/status/1909967804713111634
Found 1 duplicates for URL: https://x.com/jakeglmn/status/1944378723945578677
Found 1 duplicates for URL: https://x.com/jakeglmn/status/1935303171242606943
Found 1 duplicates for URL: https://x.com/jakeglmn/status/1901612264328990810
Found 1 duplicates for URL: https://x.com/jakeglmn/status/1936764000987119945
Found 1 duplicates for URL: https://x.com/jakeglmn/status/1937495602956505534
Found 1 duplicates for URL: https://x.com/jakeglmn/status/1940749360738062451
Found 1 duplicates for URL: https://x.com/Longevity_EDU/status/1942558609839124604
Found 1 duplicates for URL: https://x.com/Longevity_EDU/status/1911031319976431881
Found 1 duplicates for URL: https://x.com/Longevity_EDU/status/1922997712762401280
Found 1 duplicates for URL: https://x.com/Longevity_EDU/status/1935317423713931688
Found 1 duplicates for URL: https://x.com/Longevity_EDU/status/1886395474975875174
Found 1 duplicates for URL: https://x.com/Longevity_EDU/status/1940392837134139489
Found 1 duplicates for URL: https://x.com/Longevity_EDU/status/1937123055555297570
Found 1 duplicates for URL: https://x.com/IamProHuman/status/1858555977345507362
Found 1 duplicates for URL: https://x.com/IamProHuman/status/1846595500566294888
Found 1 duplicates for URL: https://x.com/mchale_in_flow/status/1941487021362643398
Found 1 duplicates for URL: https://x.com/mchale_in_flow/status/1942572238441701870
Found 1 duplicates for URL: https://x.com/10X_health_/status/1928440029782896914
Found 1 duplicates for URL: https://x.com/LORWEN108/status/1914719390182072382
Found 1 duplicates for URL: https://x.com/LORWEN108/status/1942191965841572327
Found 1 duplicates for URL: https://x.com/LORWEN108/status/1940758439518785973
Found 1 duplicates for URL: https://x.com/itsalexvacca/status/1927393691267690922
Found 1 duplicates for URL: https://x.com/itsalexvacca/status/1931006421585543286
Found 1 duplicates for URL: https://x.com/itsalexvacca/status/1935343874421178762
Found 1 duplicates for URL: https://x.com/10X_health_/status/1940402667236569209
Found 1 duplicates for URL: https://x.com/mchale_in_flow/status/1941123640025846178
Found 1 duplicates for URL: https://x.com/mchale_in_flow/status/1944747489950908734
Found 1 duplicates for URL: https://x.com/10x_business_0/status/1941844662744170596
Found 1 duplicates for URL: https://x.com/thefernandocz/status/1927450436929282106
Found 1 duplicates for URL: https://x.com/FitFounder/status/1927387176360137182
Found 1 duplicates for URL: https://x.com/TheHarmonX/status/1927379175133884462
Found 1 duplicates for URL: https://x.com/PittGuru/status/1926984566654320968
Found 1 duplicates for URL: https://x.com/brettboettcher1/status/1925167254850670767
Found 1 duplicates for URL: https://x.com/isaacfrench_/status/1908504500396318896
Found 1 duplicates for URL: https://x.com/timjcarden/status/1925241496124707282
Found 1 duplicates for URL: https://x.com/themustufakhan/status/1922282149631426915
Found 1 duplicates for URL: https://x.com/TheWarEnglish/status/1925160995430752268
Found 1 duplicates for URL: https://x.com/andrewhopper/status/1925178524148888048
Found 1 duplicates for URL: https://x.com/juleshorn01/status/1920956861798326599
Found 1 duplicates for URL: https://x.com/thebrainrecode/status/1920803962082775496
Found 1 duplicates for URL: https://x.com/LeddyLLC/status/1920815688471785534
Found 1 duplicates for URL: https://x.com/Gabepluguez/status/1920441423507112212
Found 1 duplicates for URL: https://x.com/Longevity_EDU/status/1918649532801323440
Found 1 duplicates for URL: https://x.com/timjcarden/status/1917368193485791569
Found 1 duplicates for URL: https://x.com/AbrisGains/status/1927709997321916463
Found 1 duplicates for URL: https://x.com/timjcarden/status/1928138232514105730
Found 1 duplicates for URL: https://x.com/WillieChou/status/1928433090567004629
Found 1 duplicates for URL: https://x.com/WillieChou/status/1928828355295748348
Found 1 duplicates for URL: https://x.com/theharut/status/1924807969935339920
Found 1 duplicates for URL: https://x.com/IamProHuman/status/1908562707839934728
Found 1 duplicates for URL: https://x.com/IamProHuman/status/1846223242630992160
Found 1 duplicates for URL: https://x.com/IamProHuman/status/1845192918593831140?ref_src=twsrc%5Etfw%7Ctwcamp%5Etweetembed%7Ctwterm%5E1845192918593831140%7Ctwgr%5E8642daeadbdc26dbbedebe9831ff9bd2e5800a75%7Ctwcon%5Es1_&ref_url=https%3A%2F%2Fwww.notion.so%2Fgeniusthinking%2FGenius-Hook-Swipe-File-2-0-06cda925a1e64676ba07e7314299569c%3Fp%3D12904fca179480169111d9f5aebce377pm%3Ds
Found 1 duplicates for URL: https://x.com/IamProHuman/status/1902033762705400004
Found 1 duplicates for URL: https://x.com/IamProHuman/status/1790386878421647587
Found 1 duplicates for URL: https://x.com/IamProHuman/status/1744373397268709727
Found 1 duplicates for URL: https://x.com/IamProHuman/status/1840051134255219198?ref_src=twsrc%5Etfw%7Ctwcamp%5Etweetembed%7Ctwterm%5E1840051134255219198%7Ctwgr%5E8642daeadbdc26dbbedebe9831ff9bd2e5800a75%7Ctwcon%5Es1_&ref_url=https%3A%2F%2Fwww.notion.so%2Fgeniusthinking%2FGenius-Hook-Swipe-File-2-0-06cda925a1e64676ba07e7314299569c%3Fp%3D12904fca179480169111d9f5aebce377pm%3Ds
Found 1 duplicates for URL: https://x.com/IamProHuman/status/1909995846873255945
Found 1 duplicates for URL: https://x.com/IamProHuman/status/1854550751537750274
Found 1 duplicates for URL: https://x.com/IamProHuman/status/1824458588557062312
Found 1 duplicates for URL: https://x.com/IamProHuman/status/1859633620107001959
Found 1 duplicates for URL: https://x.com/IamProHuman/status/1845192918593831140
Found 1 duplicates for URL: https://x.com/IamProHuman/status/1788575493052334298
Found 1 duplicates for URL: https://x.com/IamProHuman/status/1841214531155980500
Found 1 duplicates for URL: https://x.com/IamProHuman/status/1838599365537194149
Found 1 duplicates for URL: https://x.com/IamProHuman/status/1855269479837573323
Found 1 duplicates for URL: https://x.com/IamProHuman/status/1907454905692135457
Found 1 duplicates for URL: https://x.com/IamProHuman/status/1847042396938555413
Found 1 duplicates for URL: https://x.com/IamProHuman/status/1784933484735221807
Found 1 duplicates for URL: https://x.com/IamProHuman/status/1842213891478061333
Found 1 duplicates for URL: https://x.com/IamProHuman/status/1900576829817450703
Found 1 duplicates for URL: https://x.com/IamProHuman/status/1909627113650692362
Found 1 duplicates for URL: https://x.com/IamProHuman/status/1783140654643589324
Found 1 duplicates for URL: https://x.com/IamProHuman/status/1863347494257869183
Found 1 duplicates for URL: https://x.com/IamProHuman/status/1862546409633063272
Found 1 duplicates for URL: https://x.com/IamProHuman/status/1729242238100611243
Found 1 duplicates for URL: https://x.com/IamProHuman/status/1836413711088775662
Found 1 duplicates for URL: https://x.com/IamProHuman/status/1887919582649925944
Found 1 duplicates for URL: https://x.com/IamProHuman/status/1856713242921345241
Found 1 duplicates for URL: https://x.com/IamProHuman/status/1889357593908551832
Found 1 duplicates for URL: https://x.com/IamProHuman/status/1789282061825519960
Found 1 duplicates for URL: https://x.com/thepaulalex_/status/1921951866465800228
Found 1 duplicates for URL: https://x.com/WrongsToWrite/status/1611345806774116352
Found 1 duplicates for URL: https://x.com/WrongsToWrite/status/1886431609609416822
Found 1 duplicates for URL: https://x.com/KenBerenger/status/1918318701277004252
Found 1 duplicates for URL: https://x.com/KenBerenger/status/1917585453945086395
Found 1 duplicates for URL: https://x.com/stijnnoorman/status/1907787103376687112
Found 1 duplicates for URL: https://x.com/stijnnoorman/status/1888958773839937825
Found 1 duplicates for URL: https://x.com/stijnnoorman/status/1909235999101616317
Found 1 duplicates for URL: https://x.com/stijnnoorman/status/1886421137493520493
Found 1 duplicates for URL: https://x.com/TommiBooks/status/1886412882650313098
Found 1 duplicates for URL: https://x.com/TommiBooks/status/1907406613406949685
Found 1 duplicates for URL: https://x.com/MrPassive_/status/1914666170826842544
Found 1 duplicates for URL: https://x.com/MrPassive_/status/1835659064568631343
Found 1 duplicates for URL: https://x.com/MrPassive_/status/1906693605760073801
Found 1 duplicates for URL: https://x.com/worth_parker/status/1769356920299704454
Found 1 duplicates for URL: https://x.com/NickDiFabio1/status/1757031108829401181
Found 1 duplicates for URL: https://x.com/NickDiFabio1/status/1798690452234703218
Found 1 duplicates for URL: https://x.com/NickDiFabio1/status/1789993203963236857
Found 1 duplicates for URL: https://x.com/NickDiFabio1/status/1888941627835605225
Found 1 duplicates for URL: https://x.com/NickDiFabio1/status/1907045915434643626
Found 1 duplicates for URL: https://x.com/craigbrockie/status/1918304095850643876
Found 1 duplicates for URL: https://x.com/johnnyxbrown/status/1768980734155321710
Found 1 duplicates for URL: https://x.com/johnnyxbrown/status/1908485874188222972
Found 1 duplicates for URL: https://x.com/johnnyxbrown/status/1761390275606319248
Found 1 duplicates for URL: https://x.com/johnnyxbrown/status/1842531217494720765
Found 1 duplicates for URL: https://x.com/johnnyxbrown/status/1811728229268353171
Found 1 duplicates for URL: https://x.com/johnnyxbrown/status/1913196840842912050
Found 1 duplicates for URL: https://x.com/johnnyxbrown/status/1909572974044119492
Found 1 duplicates for URL: https://x.com/craigbrockie/status/1904897478929113260
Found 1 duplicates for URL: https://x.com/TheWarEnglish/status/1915014124070637972
Found 1 duplicates for URL: https://x.com/LeddyLLC/status/1916480744156811768
Found 1 duplicates for URL: https://x.com/LeddyLLC/status/1917201427082215694
Found 1 duplicates for URL: https://x.com/TheJeremyHaynes/status/1917586832272888091
Found 1 duplicates for URL: https://x.com/TheJeremyHaynes/status/1916862045355491471
Found 1 duplicates for URL: https://x.com/TheJeremyHaynes/status/1915050108292370610
Found 1 duplicates for URL: https://x.com/TheJeremyHaynes/status/1914687752454508914
Found 1 duplicates for URL: https://x.com/TheConquerMM/status/1824713556383715486
Found 1 duplicates for URL: https://x.com/SystemSunday/status/1604113597579530240
Found 1 duplicates for URL: https://x.com/SystemSunday/status/1604468080268247040
Found 1 duplicates for URL: https://x.com/SystemSunday/status/1604825535942647811
Found 1 duplicates for URL: https://x.com/SystemSunday/status/1606639601699151872
Found 1 duplicates for URL: https://x.com/SystemSunday/status/1607366989038718982
Found 1 duplicates for URL: https://x.com/SystemSunday/status/1608093642522066944
Found 1 duplicates for URL: https://x.com/SystemSunday/status/1608454333389213696
Found 1 duplicates for URL: https://x.com/SystemSunday/status/1609178874599936000
Found 1 duplicates for URL: https://x.com/SystemSunday/status/1610267282394972161
Found 1 duplicates for URL: https://x.com/SystemSunday/status/1610629161424388096
Found 1 duplicates for URL: https://x.com/SystemSunday/status/1611715693816283136
Found 1 duplicates for URL: https://x.com/SystemSunday/status/1612077970780307463
Found 1 duplicates for URL: https://x.com/SystemSunday/status/1613164980089638914
Found 1 duplicates for URL: https://x.com/SystemSunday/status/1613527698986393600
Found 1 duplicates for URL: https://x.com/SystemSunday/status/1630922843784462337
Found 1 duplicates for URL: https://x.com/SystemSunday/status/1646487206880526336
Found 1 duplicates for URL: https://x.com/SystemSunday/status/1671855189735686144
Found 1 duplicates for URL: https://x.com/SystemSunday/status/1738546250117521484
Found 1 duplicates for URL: https://x.com/SystemSunday/status/1768246556036128812
Found 1 duplicates for URL: https://x.com/SystemSunday/status/1802676297887269295
Found 1 duplicates for URL: https://x.com/SystemSunday/status/1803404377727639607
Found 1 duplicates for URL: https://x.com/Longevity_EDU/status/1915023635095441646
Found 1 duplicates for URL: https://x.com/Longevity_EDU/status/1905963173615677747
Found 1 duplicates for URL: https://x.com/Longevity_EDU/status/1894004120572297411
Found 1 duplicates for URL: https://x.com/Longevity_EDU/status/1669679677064073218
Found 1 duplicates for URL: https://x.com/costofglory/status/1668985889521909760
Found 1 duplicates for URL: https://x.com/costofglory/status/1672241423067009027
Found 1 duplicates for URL: https://x.com/costofglory/status/1796553762032820497
Found 1 duplicates for URL: https://x.com/costofglory/status/1679145201997320192
Found 1 duplicates for URL: https://x.com/costofglory/status/1793316495981736281
Found 1 duplicates for URL: https://x.com/FitFastCoach/status/1661401450046521344
Found 1 duplicates for URL: https://x.com/FitFastCoach/status/1675123878358556672
Found 1 duplicates for URL: https://x.com/FitFastCoach/status/1684552416987844609
Found 1 duplicates for URL: https://x.com/FitFastCoach/status/1842225478737780861
Found 1 duplicates for URL: https://x.com/FitFastCoach/status/1859975388807541134
Found 1 duplicates for URL: https://x.com/FitFastCoach/status/1854871033750093837
Found 1 duplicates for URL: https://x.com/FitFastCoach/status/1909176494590456080
Found 1 duplicates for URL: https://x.com/FitFastCoach/status/1911382214316617900
Found 1 duplicates for URL: https://x.com/johnnyxbrown/status/1603756673042194433
Found 1 duplicates for URL: https://x.com/johnnyxbrown/status/1607723689335832578
Found 1 duplicates for URL: https://x.com/johnnyxbrown/status/1608480557482082308
Found 1 duplicates for URL: https://x.com/johnnyxbrown/status/1609176928203718659
Found 1 duplicates for URL: https://x.com/johnnyxbrown/status/1612792026508189696
Found 1 duplicates for URL: https://x.com/johnnyxbrown/status/1617867240732528640
Found 1 duplicates for URL: https://x.com/johnnyxbrown/status/1620768584539721728
Found 1 duplicates for URL: https://x.com/johnnyxbrown/status/1622576426011566080
Found 1 duplicates for URL: https://x.com/johnnyxbrown/status/1625474030697316352
Found 1 duplicates for URL: https://x.com/johnnyxbrown/status/1634523776762232832
Found 1 duplicates for URL: https://x.com/johnnyxbrown/status/1635269300633346051
Found 1 duplicates for URL: https://x.com/johnnyxbrown/status/1638203921574371329
Found 1 duplicates for URL: https://x.com/johnnyxbrown/status/1639602983234142208
Found 1 duplicates for URL: https://x.com/johnnyxbrown/status/1648291515821694976
Found 1 duplicates for URL: https://x.com/johnnyxbrown/status/1649023256790200321
Found 1 duplicates for URL: https://x.com/johnnyxbrown/status/1649742864740392960
Found 1 duplicates for URL: https://x.com/johnnyxbrown/status/1659182580829155331
Found 1 duplicates for URL: https://x.com/johnnyxbrown/status/1664269958795390982
Found 1 duplicates for URL: https://x.com/johnnyxbrown/status/1669367879068786688
Found 1 duplicates for URL: https://x.com/johnnyxbrown/status/1675834703088066563
Found 1 duplicates for URL: https://x.com/johnnyxbrown/status/1742187435646149051
Found 1 duplicates for URL: https://x.com/johnnyxbrown/status/1749805940034216225
Found 1 duplicates for URL: https://x.com/johnnyxbrown/status/1756327983172743184
Found 1 duplicates for URL: https://x.com/johnnyxbrown/status/1758853112750657678
Found 1 duplicates for URL: https://x.com/johnnyxbrown/status/1807017183345508368
Found 1 duplicates for URL: https://x.com/johnnyxbrown/status/1816439268195094681
Found 1 duplicates for URL: https://x.com/johnnyxbrown/status/1828398065478218105
Found 1 duplicates for URL: https://x.com/johnnyxbrown/status/1837494745846665355
Found 1 duplicates for URL: https://x.com/johnnyxbrown/status/1876597447603966048
Found 1 duplicates for URL: https://x.com/johnnyxbrown/status/1886742533994066248
Found 1 duplicates for URL: https://x.com/johnnyxbrown/status/1900135803101000041
Found 1 duplicates for URL: https://x.com/johnnyxbrown/status/1903400551347622318
Found 1 duplicates for URL: https://x.com/johnnyxbrown/status/1905942548297793610
Found 1 duplicates for URL: https://x.com/johnnyxbrown/status/1912109679934681492
Found 1 duplicates for URL: https://x.com/_alexbrogan/status/1737114504025219415
Found 1 duplicates for URL: https://x.com/_alexbrogan/status/1730953920946561391
Found 1 duplicates for URL: https://x.com/_alexbrogan/status/1642153641321668610
Found 1 duplicates for URL: https://x.com/_alexbrogan/status/1629485180070027264
Found 1 duplicates for URL: https://x.com/_alexbrogan/status/1624411754485653504
Found 1 duplicates for URL: https://x.com/_alexbrogan/status/1612815338906816513
Found 1 duplicates for URL: https://x.com/_alexbrogan/status/1606654745535516674
Found 1 duplicates for URL: https://x.com/TheCoachJacob/status/1788555073536115031
Found 1 duplicates for URL: https://x.com/TheCoachJacob/status/1828795614651707471
Found 1 duplicates for URL: https://x.com/TheCoachJacob/status/1863583433558982657
Found 1 duplicates for URL: https://x.com/TommiBooks/status/1914751837020070050
Found 1 duplicates for URL: https://x.com/TommiBooks/status/1893678803119129077
Found 1 duplicates for URL: https://x.com/TommiBooks/status/1879539598562308386
Found 1 duplicates for URL: https://x.com/TommiBooks/status/1875924254564184351
Found 1 duplicates for URL: https://x.com/TommiBooks/status/1873375487675781622
Found 1 duplicates for URL: https://x.com/TommiBooks/status/1865386613670301795
Found 1 duplicates for URL: https://x.com/TommiBooks/status/1858499204462645461
Found 1 duplicates for URL: https://x.com/TommiBooks/status/1830226367423607081
Found 1 duplicates for URL: https://x.com/TommiBooks/status/1822978331723063638
Found 1 duplicates for URL: https://x.com/TommiBooks/status/1811020091170926923
Found 1 duplicates for URL: https://x.com/TommiBooks/status/1809201835598659660
Found 1 duplicates for URL: https://x.com/TommiBooks/status/1751278990667477491
Found 1 duplicates for URL: https://x.com/_HistoryNerd/status/1865896671177019580
Found 1 duplicates for URL: https://x.com/_HistoryNerd/status/1866885500985848184
Found 1 duplicates for URL: https://x.com/_HistoryNerd/status/1867002403142176831
Found 1 duplicates for URL: https://x.com/_HistoryNerd/status/1867750728233635917
Found 1 duplicates for URL: https://x.com/_HistoryNerd/status/1868051106229534724
Found 1 duplicates for URL: https://x.com/_HistoryNerd/status/1868467535198187523
Found 1 duplicates for URL: https://x.com/_HistoryNerd/status/1868715766973088032
Found 1 duplicates for URL: https://x.com/_HistoryNerd/status/1868840663518986249
Found 1 duplicates for URL: https://x.com/_HistoryNerd/status/1869146199472902388
Found 1 duplicates for URL: https://x.com/_HistoryNerd/status/1869593516848165275
Found 1 duplicates for URL: https://x.com/_HistoryNerd/status/1870536405124088189
Found 1 duplicates for URL: https://x.com/_HistoryNerd/status/1871986695572508816
Found 1 duplicates for URL: https://x.com/_HistoryNerd/status/1872823010400584160
Found 1 duplicates for URL: https://x.com/_HistoryNerd/status/1873808813293527544
Found 1 duplicates for URL: https://x.com/_HistoryNerd/status/1874465926160261140
Found 1 duplicates for URL: https://x.com/_HistoryNerd/status/1875017361625166248
Found 1 duplicates for URL: https://x.com/_HistoryNerd/status/1877497132598321446
Found 1 duplicates for URL: https://x.com/_HistoryNerd/status/1877800986606997959
Found 1 duplicates for URL: https://x.com/_HistoryNerd/status/1878890673560310130
Found 1 duplicates for URL: https://x.com/_HistoryNerd/status/1883593199719272768
Found 1 duplicates for URL: https://x.com/_HistoryNerd/status/1893458193553997848
Found 1 duplicates for URL: https://x.com/_HistoryNerd/status/1893808946999120188
Found 1 duplicates for URL: https://x.com/_HistoryNerd/status/1909354689902112799
Found 1 duplicates for URL: https://x.com/_HistoryNerd/status/1914485085958439300
Found 1 duplicates for URL: https://x.com/_HistoryNerd/status/1915866027528798514
Found 1 duplicates for URL: https://x.com/thehealthbender/status/1671854070620094464
Found 1 duplicates for URL: https://x.com/thehealthbender/status/1680912452807020545
Found 1 duplicates for URL: https://x.com/MrPassive_/status/1884240655095844890
Found 1 duplicates for URL: https://x.com/MrPassive_/status/1734207541440020543
Found 1 duplicates for URL: https://x.com/MrPassive_/status/1737106658189254774
Found 1 duplicates for URL: https://x.com/MrPassive_/status/1757036043478475076
Found 1 duplicates for URL: https://x.com/MrPassive_/status/1775502717185585532
Found 1 duplicates for URL: https://x.com/MrPassive_/status/1777677318611255482
Found 1 duplicates for URL: https://x.com/MrPassive_/status/1787461503186047247
Found 1 duplicates for URL: https://x.com/MrPassive_/status/1790722976901390384
Found 1 duplicates for URL: https://x.com/MrPassive_/status/1792534895769665912
Found 1 duplicates for URL: https://x.com/MrPassive_/status/1793989690963423458
Found 1 duplicates for URL: https://x.com/MrPassive_/status/1795071653300314331
Found 1 duplicates for URL: https://x.com/MrPassive_/status/1803406551727669535
Found 1 duplicates for URL: https://x.com/MrPassive_/status/1805943307580715206
Found 1 duplicates for URL: https://x.com/MrPassive_/status/1808479958412464177
Found 1 duplicates for URL: https://x.com/MrPassive_/status/1813553375645933987
Found 1 duplicates for URL: https://x.com/MrPassive_/status/1820801154189574198
Found 1 duplicates for URL: https://x.com/MrPassive_/status/1824425034410086542
Found 1 duplicates for URL: https://x.com/MrPassive_/status/1828411276805943545
Found 1 duplicates for URL: https://x.com/MrPassive_/status/1850885883282493450
Found 1 duplicates for URL: https://x.com/MrPassive_/status/1855974431111237958
Found 1 duplicates for URL: https://x.com/MrPassive_/status/1872652719627833427
Found 1 duplicates for URL: https://x.com/MrPassive_/status/1874818582493770014
Found 1 duplicates for URL: https://x.com/MrPassive_/status/1901620138912141376
Found 1 duplicates for URL: https://x.com/MrPassive_/status/1911767009336918155
Found 1 duplicates for URL: https://x.com/worth_parker/status/1679835709077852160
Found 1 duplicates for URL: https://x.com/worth_parker/status/1681278672324444160
Found 1 duplicates for URL: https://x.com/worth_parker/status/1676961259722530818
Found 1 duplicates for URL: https://x.com/worth_parker/status/1817891170061525045
Found 1 duplicates for URL: https://x.com/worth_parker/status/1863562213929152649
Found 1 duplicates for URL: https://x.com/NickDiFabio1/status/1914293636319072424
Found 1 duplicates for URL: https://x.com/BaptisteVicini/status/1914673084092895607
Found 1 duplicates for URL: https://x.com/worth_parker/status/1674756944173645825
Found 1 duplicates for URL: https://x.com/worth_parker/status/1672226268882796545
Found 1 duplicates for URL: https://x.com/WrongsToWrite/status/1859248515727192367
Found 1 duplicates for URL: https://x.com/TheBetterPath_/status/1848765258573500469
Found 1 duplicates for URL: https://x.com/TheBetterPath_/status/1849846051517161527
Found 1 duplicates for URL: https://x.com/TheBetterPath_/status/1850790709080830370
Found 1 duplicates for URL: https://x.com/TheBetterPath_/status/1850938282512990595
Found 1 duplicates for URL: https://x.com/TheBetterPath_/status/1858170361637904659
Found 1 duplicates for URL: https://x.com/TheBetterPath_/status/1858530550077628707
Found 1 duplicates for URL: https://x.com/TheBetterPath_/status/1858887591120273434
Found 1 duplicates for URL: https://x.com/TheBetterPath_/status/1860701879413473756
Found 1 duplicates for URL: https://x.com/TheBetterPath_/status/1861787171486679427
Found 1 duplicates for URL: https://x.com/TheBetterPath_/status/1863962610758041644
Found 1 duplicates for URL: https://x.com/TheBetterPath_/status/1867231002055098750
Found 1 duplicates for URL: https://x.com/TheBetterPath_/status/1870856805888504037
Found 1 duplicates for URL: https://x.com/TheBetterPath_/status/1871220828488044611
Found 1 duplicates for URL: https://x.com/TheBetterPath_/status/1873028323024224611
Found 1 duplicates for URL: https://x.com/TheBetterPath_/status/1874116092924465457
Found 1 duplicates for URL: https://x.com/TheBetterPath_/status/1874475251679265184
Found 1 duplicates for URL: https://x.com/TheBetterPath_/status/1878461962989781414
Found 1 duplicates for URL: https://x.com/SolWildworld/status/1896900272582234179
Found 1 duplicates for URL: https://x.com/TheBetterPath_/status/1905947859163423099
Found 1 duplicates for URL: https://x.com/TheBetterPath_/status/1908840922810359945
Found 1 duplicates for URL: https://x.com/TheBetterPath_/status/1912463585160069400
Found 1 duplicates for URL: https://x.com/TheJackBly/status/1605556253501145089
Found 1 duplicates for URL: https://x.com/TheJackBly/status/1617885038959558665
Found 1 duplicates for URL: https://x.com/TheJackBly/status/1629119022024253441
Found 1 duplicates for URL: https://x.com/TheJackBly/status/1632742980397285379
Found 1 duplicates for URL: https://x.com/TheJackBly/status/1615348308112728064
Found 1 duplicates for URL: https://x.com/joeyyochheim/status/1851258646279172495
Found 1 duplicates for URL: https://x.com/joeyyochheim/status/1852345738249834519
Found 1 duplicates for URL: https://x.com/joeyyochheim/status/1863594889599930492
Found 1 duplicates for URL: https://x.com/joeyyochheim/status/1865044360749883624
Found 1 duplicates for URL: https://x.com/joeyyochheim/status/1866131578449019071
Found 1 duplicates for URL: https://x.com/joeyyochheim/status/1866856367719342246
Found 1 duplicates for URL: https://x.com/joeyyochheim/status/1864319661967364455
Found 1 duplicates for URL: https://x.com/joeyyochheim/status/1869030680518111279
Found 1 duplicates for URL: https://x.com/joeyyochheim/status/1869393086528225343
Found 1 duplicates for URL: https://x.com/joeyyochheim/status/1874828898057253148
Found 1 duplicates for URL: https://x.com/joeyyochheim/status/1881351914887000145
Found 1 duplicates for URL: https://x.com/joeyyochheim/status/1881714270968168688
Found 1 duplicates for URL: https://x.com/joeyyochheim/status/1883888587587862628
Found 1 duplicates for URL: https://x.com/joeyyochheim/status/1890049159845085500
Found 1 duplicates for URL: https://x.com/joeyyochheim/status/1901630442786455877
Found 1 duplicates for URL: https://x.com/joeyyochheim/status/1902717641795498435
Found 1 duplicates for URL: https://x.com/joeyyochheim/status/1904891979403501992
Found 1 duplicates for URL: https://x.com/joeyyochheim/status/1905254367583666376
Found 1 duplicates for URL: https://x.com/joeyyochheim/status/1908153475004858464
Found 1 duplicates for URL: https://x.com/joeyyochheim/status/1909610316863861153
Found 1 duplicates for URL: https://x.com/joeyyochheim/status/1911777338443903291
Found 1 duplicates for URL: https://x.com/joeyyochheim/status/1912139719414067459
Found 1 duplicates for URL: https://x.com/joeyyochheim/status/1912502086870200722
Found 1 duplicates for URL: https://x.com/SpartanPsyche/status/1604126497261895680
Found 1 duplicates for URL: https://x.com/brettboettcher1/status/1674749199777255425
Found 1 duplicates for URL: https://x.com/brettboettcher1/status/1686707997727227904
Found 1 duplicates for URL: https://x.com/brettboettcher1/status/1688519974917218304
Found 1 duplicates for URL: https://x.com/brettboettcher1/status/1751232576826609713
Found 1 duplicates for URL: https://x.com/brettboettcher1/status/1754862790563569790
Found 1 duplicates for URL: https://x.com/brettboettcher1/status/1756324179710730483
Found 1 duplicates for URL: https://x.com/brettboettcher1/status/1757404791653700033
Found 1 duplicates for URL: https://x.com/brettboettcher1/status/1758127286186913986
Found 1 duplicates for URL: https://x.com/brettboettcher1/status/1758847778011132066
Found 1 duplicates for URL: https://x.com/brettboettcher1/status/1761014716678148229
Found 1 duplicates for URL: https://x.com/brettboettcher1/status/1766070470296687080
Found 1 duplicates for URL: https://x.com/brettboettcher1/status/1767139451166146944
Found 1 duplicates for URL: https://x.com/brettboettcher1/status/1767864253204046262
Found 1 duplicates for URL: https://x.com/brettboettcher1/status/1779823047312028024
Found 1 duplicates for URL: https://x.com/brettboettcher1/status/1780547792068292672
Found 1 duplicates for URL: https://x.com/brettboettcher1/status/1790694696739656141
Found 1 duplicates for URL: https://x.com/brettboettcher1/status/1799044668602134894
Found 1 duplicates for URL: https://x.com/brettboettcher1/status/1800131805355336112
Found 1 duplicates for URL: https://x.com/brettboettcher1/status/1803400132567687371
Found 1 duplicates for URL: https://x.com/brettboettcher1/status/1821150312222101694
Found 1 duplicates for URL: https://x.com/brettboettcher1/status/1821875091652677904
Found 1 duplicates for URL: https://x.com/brettboettcher1/status/1828760458892894502
Found 1 duplicates for URL: https://x.com/brettboettcher1/status/1863224056276795692
Found 1 duplicates for URL: https://x.com/brettboettcher1/status/1880243459572801958
Found 1 duplicates for URL: https://x.com/JetamePoonan/status/1854522752079671327
Found 1 duplicates for URL: https://x.com/JetamePoonan/status/1859618801471381873
Found 1 duplicates for URL: https://x.com/moveorperish/status/1783185928762134640
Found 1 duplicates for URL: https://x.com/moveorperish/status/1786803691846058388
Found 1 duplicates for URL: https://x.com/dr_ericberg/status/1892242914534945168
Found 1 duplicates for URL: https://x.com/dr_ericberg/status/1893677228778754302
Found 1 duplicates for URL: https://x.com/dr_ericberg/status/1894386947055129065
Found 1 duplicates for URL: https://x.com/dr_ericberg/status/1895459041255800960
Found 1 duplicates for URL: https://x.com/dr_ericberg/status/1896216431513202889
Found 1 duplicates for URL: https://x.com/dr_ericberg/status/1898373216856666370
Found 1 duplicates for URL: https://x.com/dr_ericberg/status/1911419132744208484
Found 1 duplicates for URL: https://x.com/EnergyUp_/status/1825932582883844451
Found 1 duplicates for URL: https://x.com/EnergyUp_/status/1826654832255795697
Found 1 duplicates for URL: https://x.com/EnergyUp_/status/1827014405818810492
Found 1 duplicates for URL: https://x.com/EnergyUp_/status/1827376498493489557
Found 1 duplicates for URL: https://x.com/EnergyUp_/status/1833543162461360341
Found 1 duplicates for URL: https://x.com/HarmonyHaven_1/status/1881330748692861283
Found 1 duplicates for URL: https://x.com/HarmonyHaven_1/status/1856580359670178149
Found 1 duplicates for URL: https://x.com/HarmonyHaven_1/status/1878033255410413866
Found 1 duplicates for URL: https://x.com/HarmonyHaven_1/status/1852912823552385174
Found 1 duplicates for URL: https://x.com/HarmonyHaven_1/status/1807603398323159120
Found 1 duplicates for URL: https://x.com/HarmonyHaven_1/status/1910962898475548871
Found 1 duplicates for URL: https://x.com/HarmonyHaven_1/status/1866095193281220893
Found 1 duplicates for URL: https://x.com/HarmonyHaven_1/status/1807862026544329084
Found 1 duplicates for URL: https://x.com/HarmonyHaven_1/status/1853311264564412584
Found 1 duplicates for URL: https://x.com/HarmonyHaven_1/status/1907358103638598139
Found 1 duplicates for URL: https://x.com/HarmonyHaven_1/status/1854402701469401162
Found 1 duplicates for URL: https://x.com/HarmonyHaven_1/status/1841387784507986214
Found 1 duplicates for URL: https://x.com/HarmonyHaven_1/status/1850052933372756323
Deleting 500 duplicate entries...
Deleted page with ID: 7d9c26e9-ba99-4e50-9800-920353d3ab51
Deleted page with ID: df1a1bad-20cf-45f1-847f-02709471d573
Deleted page with ID: d6cda187-86f7-4a4b-8852-4d523bcd5660
Deleted page with ID: b3cdc8cd-4893-40bb-a8fe-e03ebbed2d10
Deleted page with ID: 0778c0a2-0046-433b-bf7d-095e24c3a2e4
Deleted page with ID: b96db94e-60d8-4e63-b1a0-3904c5be0640
Deleted page with ID: dfe5de4a-1cdb-4a69-b7d3-26daa5eda7c5
Deleted page with ID: f18710d9-9ddf-4b56-88fd-c94239468d59
Deleted page with ID: fd787ff8-8ce6-46af-873c-e9658e3d88db
Deleted page with ID: 006f2dd7-a0d6-45e8-8c75-fb6268f4eb3f
Deleted page with ID: 596a5db0-8fe0-4a2f-a4f2-38c9ce5c72c1
Deleted page with ID: 441f4847-e9e4-40a8-951a-33db242fc178
Deleted page with ID: b9eb0cb3-b8ed-42d6-9e44-3348109c649e
Deleted page with ID: b225a86e-cec5-41fe-9579-7def223a4dce
Deleted page with ID: 5179fd76-fb4b-4751-acf7-838012a06ed1
Deleted page with ID: 8a8fe84f-4d7e-4756-9a0e-2fa2c1098a0a
Deleted page with ID: 67fa2b44-4738-48c0-93ad-2d8930688f91
Deleted page with ID: 2ff9bcf9-a9d6-4bc6-90d7-bdaf4cad2990
Deleted page with ID: d27a55bd-30a6-460a-af6e-3501162167c8
Deleted page with ID: 84604c04-892a-4af4-a0bb-f75719f93c23
Deleted page with ID: 6ee2b87b-af35-434a-99ea-e1e0520f4efb
Deleted page with ID: 056b60d7-f133-4efc-810e-db0a9c5c81dd
Deleted page with ID: f0dc981d-b4a9-47cc-8dc5-547e2e513b01
Deleted page with ID: d17dd199-73e4-4188-82ef-b09dd884cfe0
Deleted page with ID: fdb2fe5d-659f-4ba9-9d02-e43f4880cb4f
Deleted page with ID: 9ac1e4eb-fc57-4280-afbf-a0bb297daf81
Deleted page with ID: 9acb3475-bad5-4e82-bda3-e5f7bc3179e8
Deleted page with ID: f5700af3-ce03-4868-890f-41859c9fdf1a
Deleted page with ID: bbda8fcb-b554-49b2-bbd2-9933fe2d82c0
Deleted page with ID: 19ccb643-d76b-4ef4-b57a-2e033fc9ea9e
Deleted page with ID: d99e4ac1-23b1-45e8-8fef-411df6298137
Deleted page with ID: a94701ca-d6e2-4618-a370-2c77620b7f48
Deleted page with ID: 5aeafac3-f86a-4d05-b2d4-56acd032171a
Deleted page with ID: 03ffad8b-0c58-4a8d-be32-deefadcaa1cf
Deleted page with ID: decd6e22-933e-4ac7-969f-fb20b8a7728e
Deleted page with ID: 156d6653-5c25-4caa-b3ae-652d177062b3
Deleted page with ID: 61a544a1-e84c-4b1c-84e9-745293c72bc2
Deleted page with ID: 1d5dbf01-c9f6-43b7-aa9a-c83ad847df3b
Deleted page with ID: ac18e695-fcbf-403a-b997-5c22d67633e5
Deleted page with ID: b2004469-f7e8-4ff4-8991-a4ce32dec9a3
Deleted page with ID: bdd361ef-ff2a-4a81-959b-3402ad20372f
Deleted page with ID: 5418a66b-4153-4b6e-96a8-bd81a87338ef
Deleted page with ID: 102aa7e9-da92-4568-ad21-c73b7f51e8b6
Deleted page with ID: 696e73b2-686c-42ff-af21-66aaa2397698
Deleted page with ID: 3dc4f624-ae2d-4930-a18e-c4f3e9e616ff
Deleted page with ID: be235055-0735-4645-90b2-f6921eb2cb0f
Deleted page with ID: 74a6ddf0-b98f-4402-aefb-75a299c66dc7
Deleted page with ID: 1086f415-8ba0-4110-ac45-b272fb80b0f9
Deleted page with ID: 350a4911-9ddc-4494-adab-bcbfd8069540
Deleted page with ID: ca00bcec-3727-473a-92ad-04eb78bb6790
Deleted page with ID: a7d4ea95-c152-4d5a-8f0b-66e234057a67
Deleted page with ID: 379fa8d2-d575-4cae-8c77-b47641d7fd6b
Deleted page with ID: 5279ceb9-d6ae-4e1c-b049-c44d51ac6dbb
Deleted page with ID: 2225b842-de71-4f1d-b528-845619f7b0c1
Deleted page with ID: 0ab5d77c-9ef1-4da2-b12f-710f211c206d
Deleted page with ID: eb3bbf1f-c5fe-4214-9942-8ab74cf06833
Deleted page with ID: e78d9166-ac58-4190-8a4a-955dec8251e7
Deleted page with ID: 0c7df31e-1c8e-497e-86e8-683f8c739263
Deleted page with ID: 5574aaed-112c-451a-86c1-97f26cb853a3
Deleted page with ID: 04f65cb5-4153-4835-8041-f97f8b1e0d01
Deleted page with ID: 380baf99-1d2d-4252-b612-3d83458dc7be
Deleted page with ID: 83edf7db-a1a2-472c-8577-07a607b8bba0
Deleted page with ID: bfbe55cb-3186-4bec-82fb-ad03d697c44d
Deleted page with ID: 374f9de6-5606-4522-8af9-a6ecef35c9e8
Deleted page with ID: f8ebb54f-0b13-4e74-a7f3-649bd126ba88
Deleted page with ID: 40c52cb5-90a5-4c75-a8e0-0d316552c876
Deleted page with ID: 6a78367f-452f-441d-ba68-eb2524c3c2a1
Deleted page with ID: 8c51709c-70b2-4fac-bccb-70e44a620caa
Deleted page with ID: bc7bc68e-ea05-4134-a2b5-07cd68a9c61e
Deleted page with ID: ba42f615-259d-4d24-be0f-db071a91d66e
Deleted page with ID: 0120cf6e-87cc-425b-ab9a-c4a658113371
Deleted page with ID: 5359948e-a3c2-4298-b98c-1e1606c315a8
Deleted page with ID: 93623f55-213a-467a-84f5-3a6e2e35248d
Deleted page with ID: dd046bf2-8112-41ea-8b8f-41f9f3f89d16
Deleted page with ID: 2485297f-7aa0-4e39-a328-e39225435ba1
Deleted page with ID: 57f916d6-c532-4404-9cab-d297fcc5f322
Deleted page with ID: 26997499-cc6a-4778-b3d6-32863ab2b66f
Deleted page with ID: a2d8621d-1e65-4cd0-b231-2eef0da896a1
Deleted page with ID: 0d6c82dc-5597-4d66-b07c-78bd45cf214b
Deleted page with ID: 638d91d6-6a6c-4a90-9425-82f635638a19
Deleted page with ID: 0b11f6a5-e302-4c29-a6a4-9ba13dc2b2b2
Deleted page with ID: 53dfe92c-22b8-40d8-97e9-6c08a6bbae92
Deleted page with ID: 61c30262-04c2-4b4e-9019-d79b33009509
Deleted page with ID: 09e429e1-b67e-4809-8b83-5848100dd2fc
Deleted page with ID: 11b00cb0-b73e-45db-9e59-8c4588f606a8
Deleted page with ID: 1198bd5a-44d1-4e20-a2d2-bee7e2f83f2a
Deleted page with ID: fc5a46dd-a70e-4651-986f-7495c54495be
Deleted page with ID: 8a77ba41-8143-4479-bc45-2f0d8b4c8de2
Deleted page with ID: 35ad00c0-a8b9-4135-8e4b-f3ca119bcab8
Deleted page with ID: 42e25a93-1758-461c-8e8f-a64d96e98822
Deleted page with ID: 9ba6ae4b-4416-4cca-b10c-43bb9222bec4
Deleted page with ID: 1fa9b9df-82db-45e0-9671-b9270e7fb7b3
Deleted page with ID: 1677f227-96ff-4b51-958d-2ea2e405c4ed
Deleted page with ID: 4e2879b4-00ba-4674-9ac7-8db06cb45b01
Deleted page with ID: 3307e405-8221-414b-bb9a-b9bfde8fe966
Deleted page with ID: 85815d51-c249-4bb7-b038-0e689f2f6ecd
Deleted page with ID: 611aa71f-8514-4a86-9626-5eca41e58a00
Deleted page with ID: 6de0624c-2967-487a-ad64-61bf934a27da
Deleted page with ID: 7334874d-d9a9-4698-aa74-3c565c56470d
Deleted page with ID: 3ee5b21b-5479-4aeb-930d-c4721ccc549b
Deleted page with ID: 12fdd660-b0f3-4c96-b585-3876376a98f2
Deleted page with ID: 317cece0-b475-48be-9099-324832a7f274
Deleted page with ID: bd07d4ca-1419-4cfc-a904-6aa26c6fff89
Deleted page with ID: 45e46bd9-5ace-4c5a-9a48-33bf5df270ca
Deleted page with ID: 973806bc-56f3-43ff-bc67-8818dbcaba5e
Deleted page with ID: 8a979a38-fa86-414d-97c2-477be28580db
Deleted page with ID: 8d1ae949-7159-4a71-b0ce-9696c3793e43
Deleted page with ID: 3fbff92b-951f-4ae0-a0c8-b86b4d9bb392
Deleted page with ID: c08bc44e-bd97-4789-ba26-e0d0fa6b547d
Deleted page with ID: 709287a4-7e10-421a-aef4-11bd7a65d875
Deleted page with ID: 0a3050be-a583-43bd-b8a3-a8181044c6bd
Deleted page with ID: 3d633dd3-9057-4824-8c5d-2000fada952b
Deleted page with ID: 3d304564-3317-4e25-a7ac-65457f5bf76e
Deleted page with ID: a879898a-e7de-45ee-80a3-05b8b7bb17a2
Deleted page with ID: 5d960da2-2d96-401c-9c9b-6f756d081519
Deleted page with ID: 5d05c74c-e994-40ae-afe7-4e399f66bc7d
Deleted page with ID: 7aab12b4-f56c-4cc2-a3d0-2619babc892e
Deleted page with ID: ca64bc58-0da5-4111-8ab2-c4093aa28135
Deleted page with ID: a94d5ddb-25cd-437c-8d49-e0e0d2b04b57
Deleted page with ID: ca378dc4-47ce-429e-b97d-004275b360b3
Deleted page with ID: da6a4d3e-66b9-471c-b303-697ff6f021c2
Deleted page with ID: f28d4fec-1dba-4ae4-8121-9ea3a4cc7ec0
Deleted page with ID: f6ca8561-26a6-4d31-af89-1c61d0e02ee7
Deleted page with ID: a0d52a41-be6e-448b-a69d-1da2ceb2d4d1
Deleted page with ID: fc52f6d5-041f-4a8f-882f-5705851cb21d
Deleted page with ID: 13b263b1-6628-4ebd-80af-b9c1428e0c5e
Deleted page with ID: c23cf2e5-31ae-4049-94d9-2deccc037e6a
Deleted page with ID: 281af45d-9e2c-41b3-b4ee-40a3214e05d3
Deleted page with ID: feb0b95b-51a2-43a2-b1a9-2ddbac26496b
Deleted page with ID: 17de4736-4c5f-45d6-99a0-e0d4cbcf1efd
Deleted page with ID: 8c2e6f37-daa2-47cb-8940-d30eccc8efc9
Deleted page with ID: 7a1a5346-e0f9-4356-9a38-b7fc241c4715
Deleted page with ID: 1c2a3aa7-be0d-451a-bdf2-eb2163d23ffd
Deleted page with ID: 2a4e0a4d-449a-4010-9550-b03c37506b30
Deleted page with ID: 8eddf7d9-119a-40e3-9cf6-8d924cf9ee8b
Deleted page with ID: aea3e8f0-d7d9-46b5-bc50-a2bcfb2e9990
Deleted page with ID: f1557b63-791c-443f-8381-c9476d373b26
Deleted page with ID: 9f05e5d9-12a9-42f7-95bf-da1ced98927c
Deleted page with ID: 0e269e6f-0df1-4003-b16e-a1ace169fad8
Deleted page with ID: 62405b46-441a-417d-a9e0-c0ceaf34c7df
Deleted page with ID: 5ad1c402-23d7-4953-b66f-c29e3964c002
Deleted page with ID: 810fdd64-5da4-46b3-9a25-2b88449d99fb
Deleted page with ID: 444f96f2-5262-4a57-84bd-bbac97f080ba
Deleted page with ID: ba24cdd7-ca59-4922-98e9-62c12b56a436
Deleted page with ID: 36dbd56f-01d5-49c6-8c70-5943a2fb04d1
Deleted page with ID: 60b419e0-5bd0-4bf4-beea-6ccc2de79db6
Deleted page with ID: ae413d44-86ee-4de3-94c2-2cab78a77308
Deleted page with ID: 9420a883-6698-4f5f-9275-e093ed1bc8b2
Deleted page with ID: c8980a3d-c629-4bf4-84a0-9b054ff36f7b
Deleted page with ID: b867f33e-fc80-439c-81d0-d05f09414272
Deleted page with ID: 55d927c1-699f-4055-8823-cfd9b164a675
Deleted page with ID: 1321d42b-e30f-4dc3-9a61-6cd07025a01e
Deleted page with ID: 1db6c279-6ce2-4219-a675-c510ed06daa8
Deleted page with ID: b096254d-0809-484f-b516-a6182b80a19b
Deleted page with ID: afe3abba-b9c7-4886-b26e-e6dc04f1e106
Deleted page with ID: 12401bad-8e24-4fd4-8a7e-31055dc697e4
Deleted page with ID: ad44c10a-852e-4098-afe5-92894763c962
Deleted page with ID: 93cbf600-5175-49f5-9878-b28d43590f08
Deleted page with ID: 6e747eaf-2ee5-4b5b-a632-5b7563ce9d9b
Deleted page with ID: de93ebeb-4455-4668-a0d3-e8a53f924aa4
Deleted page with ID: f0e9ec93-9f3f-465e-97fa-4bf4d66b9e95
Deleted page with ID: ba9783e1-2207-402a-8fb0-90046bb3c2c4
Deleted page with ID: bbd81ea7-45ce-4236-bece-c74c2d291e8a
Deleted page with ID: 6dd25db6-2304-495d-ac5c-cba8ceaf2d62
Deleted page with ID: 14dfb8a9-748f-44cc-ab98-0fc78e1c8be6
Deleted page with ID: 80f9dcb9-3701-4066-b1bf-7cae94d9c6fd
Deleted page with ID: 0db8080a-ba0c-45d5-a598-f1570253161b
Deleted page with ID: b59204e5-24f9-4a6d-97e6-136c15b2fa25
Deleted page with ID: f234c80e-fd29-4216-b490-cb9347f515ed
Deleted page with ID: e7e7e486-fe3d-4853-be64-41d0361e9930
Deleted page with ID: 87bdc67b-89c6-4488-b218-0d22befad9c6
Deleted page with ID: 5a2d4fe1-a1d5-4c38-8c27-392bb381eabc
Deleted page with ID: 10625a64-fc71-43ed-a1c0-13de8c33d673
Deleted page with ID: dc461469-fea4-4d6a-bbc9-4c73e92d126b
Deleted page with ID: 1f204fca-1794-8032-8338-f868b195d55e
Deleted page with ID: 1f204fca-1794-80b5-9158-c4d654de53a2
Deleted page with ID: 1f204fca-1794-801f-b804-c0370ebbb598
Deleted page with ID: 1f204fca-1794-805a-833f-ce877d2650f5
Deleted page with ID: 1f204fca-1794-80fd-81f6-fd970786dd17
Deleted page with ID: 1f204fca-1794-80d5-bf3a-e0f190ba2276
Deleted page with ID: 1f204fca-1794-805d-9890-c695e46d7273
Deleted page with ID: 1f204fca-1794-803d-9bcf-f9abf42adca3
Deleted page with ID: 1f204fca-1794-80d6-a719-c5af4d633349
Deleted page with ID: 1f204fca-1794-8052-a04d-f84fa582084c
Deleted page with ID: 1f204fca-1794-80d7-a166-ff7bfc7396fb
Deleted page with ID: 1f204fca-1794-80d0-9ce7-cae696f4204c
Deleted page with ID: 1f204fca-1794-80eb-bd0c-d505467cb96a
Deleted page with ID: 1f204fca-1794-8036-95de-fb3c866a0367
Deleted page with ID: 1f204fca-1794-80ba-8bce-c434f44e6562
Deleted page with ID: 1f204fca-1794-8012-b4fb-ed5dff004a67
Deleted page with ID: 1f204fca-1794-8015-92c2-e994589cbdbe
Deleted page with ID: 1f204fca-1794-803a-8115-e8b2393fab0e
Deleted page with ID: 1f204fca-1794-80f8-9c10-ebb3892d14b9
Deleted page with ID: 1f204fca-1794-807b-a507-f6b66e04aafe
Deleted page with ID: 1f204fca-1794-8062-8d6b-f380a1a2e67b
Deleted page with ID: 1f204fca-1794-80c0-83b5-e234e9a9a2f2
Deleted page with ID: 1f204fca-1794-8008-876a-e1096724aa5e
Deleted page with ID: 1f204fca-1794-801b-8efc-cf5522268e3c
Deleted page with ID: 1f204fca-1794-801f-ac11-c8f09c3ac229
Deleted page with ID: 1f204fca-1794-808a-8739-d547b46e45bd
Deleted page with ID: 1f204fca-1794-8004-8325-e4203018acff
Deleted page with ID: 1f204fca-1794-8038-ae1e-ee5e379a06fc
Deleted page with ID: 1f204fca-1794-8037-a6a6-c980b029b207
Deleted page with ID: 1f204fca-1794-80b8-b9bd-d096f8cb4d2e
Deleted page with ID: 1f204fca-1794-8021-ade7-c9119401ac90
Deleted page with ID: 0776ca5f-c3c4-4723-842f-481808d2b505
Deleted page with ID: 125ee007-1f14-4277-b39c-5c26d3d8d3e7
Deleted page with ID: 09c6aec3-d8fa-40c9-88aa-98b8fcffe01d
Deleted page with ID: 404cbd20-bffe-4875-8eef-d6b090fc695c
Deleted page with ID: ceb5a3b4-94d3-47ac-a650-ff1c7a6de15b
Deleted page with ID: 31e0765d-bc6f-43be-ac4d-c9fdfa0a8f17
Deleted page with ID: daa069ae-70cc-4bcd-b8eb-f0057a4feb14
Deleted page with ID: ca0b58ad-3686-4d4e-991a-b816701f043e
Deleted page with ID: baf58d15-309b-4b8f-bdc5-0c491d1cae6b
Deleted page with ID: daf480b8-b8e0-491b-81ba-79f43b81b3b5
Deleted page with ID: 798313ae-ed1d-4dc8-a06b-d039fc890e3b
Deleted page with ID: 1522767a-36bf-405e-992a-66e110fb250c
Deleted page with ID: 031366ff-d9b6-42af-a2aa-08df7d287470
Deleted page with ID: 93bc39eb-2432-457e-9499-f896c9b1e157
Deleted page with ID: a264f055-c4c4-43a8-a4ae-45b2b40e0316
Deleted page with ID: 77e02c54-1b5f-421e-9b36-5860668d2c73
Deleted page with ID: 00b98632-60b9-4f63-b414-9d888f3ae9b9
Deleted page with ID: 931e015e-0e5c-4eb1-8f31-f9a7f95de461
Deleted page with ID: 3b53d87a-2694-4546-b500-5afbdd6388b2
Deleted page with ID: a968a02d-e34e-42f2-9551-2179ec6887be
Deleted page with ID: a6dd69eb-bdd4-46fc-8699-b1432661c904
Deleted page with ID: e38120fc-6c47-44ef-aabe-fc65d034e454
Deleted page with ID: 331e51dd-147d-40fb-ba1c-6b32d4d6d0f6
Deleted page with ID: eb23caed-8668-45ce-bd52-8870b23f546f
Deleted page with ID: 9bb90af4-8817-479c-b635-c1d82ebc036d
Deleted page with ID: 3d394a44-c785-486a-b11d-af4c2e11d492
Deleted page with ID: 94c9cf4d-5be9-4a28-928f-b78437917b23
Deleted page with ID: 31920f82-7b21-46b5-8623-88f134140330
Deleted page with ID: 439f1824-2683-4e22-a7b3-5547a50fb563
Deleted page with ID: bb351280-3b03-4042-98ae-cf8bcd012698
Deleted page with ID: 690c7d02-777e-4c1d-a7cf-590c6f217df7
Deleted page with ID: 07b3249a-c61b-4d94-80bd-11de508fa0f5
Deleted page with ID: 0d646ae8-2c22-4e48-aaa6-428ac49682fc
Deleted page with ID: 8e5e531b-014e-424b-974a-659fb42bc4e2
Deleted page with ID: ae354cf0-2a02-493d-a1f2-4d44915789ae
Deleted page with ID: 3792cf12-75d6-4eda-9890-8a182a267ded
Deleted page with ID: c056dd35-ec21-4a21-ae7a-aa1db46b2117
Deleted page with ID: 2088f5c1-dc45-4dc5-aa18-6f164ac34742
Deleted page with ID: e81e75ee-20cc-4ea7-be79-ddbfaf6969a1
Deleted page with ID: 00910706-a676-4817-8296-d588425e6237
Deleted page with ID: 7538b4e1-ee83-4923-b013-780bca1d34d3
Deleted page with ID: 529eda02-2114-4ade-b135-3381c7948322
Deleted page with ID: f45623e4-5cb9-4eea-b235-819a66f5d987
Deleted page with ID: 9c891a34-b970-4047-9aec-155bafc867f4
Deleted page with ID: f8964780-94ca-49de-9f30-a60ecbdb4ac9
Deleted page with ID: 1d1c911e-db2e-45c7-803f-fc9530191c19
Deleted page with ID: 0faf510a-59d8-45b3-ac35-ccefc223189d
Deleted page with ID: 4ed0ec21-45b3-4e9a-b72f-461039e166e7
Deleted page with ID: 26bcb96d-3553-4fa3-a8b9-e9938e261f2f
Deleted page with ID: ade49456-1050-4664-9512-2481a082d57d
Deleted page with ID: ef86b27b-50fd-43b4-860d-40f541c3eeed
Deleted page with ID: 4a532d35-99c9-465a-a713-ad338e3b4ce0
Deleted page with ID: 204a6da9-8f3c-4ba9-b639-636e08d36436
Deleted page with ID: bcdd9bd4-8dab-4ebe-9f14-3bb5597fd0ce
Deleted page with ID: 08510853-2821-42b4-b3cf-cd67c128583b
Deleted page with ID: f9009b66-1feb-4002-bea8-416a7312088c
Deleted page with ID: fa40fdf0-a2b5-45e0-baa3-495df050a8bd
Deleted page with ID: 3d1e14c5-3545-43ad-b3e2-2201f18c1655
Deleted page with ID: 579ccb4e-c488-42a4-b35f-2ba31ebe7d9f
Deleted page with ID: 24f3cf4e-76b9-4eda-9607-51a5520c2147
Deleted page with ID: ef0657b9-9537-4b8a-9310-e69b9c614f36
Deleted page with ID: f0bc57c8-4f73-4586-8034-6a23a31e98ba
Deleted page with ID: fba4d78d-58d6-4c34-9e2f-7c85271243fd
Deleted page with ID: 4839d859-9dc9-4da0-b1fb-5f51f0944f7d
Deleted page with ID: 945dddbe-b07c-431d-9983-8e1695253c10
Deleted page with ID: a4665bb2-7d04-480b-ac58-a3d850c99183
Deleted page with ID: 32dc08cf-cddc-42d7-895f-118682af9589
Deleted page with ID: 539abac2-aa86-40e3-948b-6a7b82011826
Deleted page with ID: ab4f93b1-6052-4c03-8e6b-938e9fc5ec8d
Deleted page with ID: c89dab16-2346-41ea-80ea-600b81cface9
Deleted page with ID: 58daeb22-941b-4445-9d8e-060dfa75f9e5
Deleted page with ID: df659299-2679-47a6-9a07-37ff5b0b6e75
Deleted page with ID: 5a49573d-f079-4ba7-ad5a-2a8ed98ce150
Deleted page with ID: 9ce69c58-049f-49a5-a979-e6aacecca273
Deleted page with ID: 6b2435d2-ee0a-4b2d-a05f-80b9e1ee7632
Deleted page with ID: 01ddf43f-b075-4041-a493-dd7beabb3196
Deleted page with ID: 48954687-00ef-44f5-a0f0-43372141ecc4
Deleted page with ID: 1243fc00-c5e3-4bd0-85be-ba82562ba00d
Deleted page with ID: 3607f678-55ee-4057-bc9e-7dad293302e0
Deleted page with ID: 289e47eb-3a8e-4115-b221-ecbc453a5397
Deleted page with ID: 24c91331-5492-40f0-873d-2a638b1c6136
Deleted page with ID: 27a91b0c-9a12-49b2-a433-c0904f562743
Deleted page with ID: 0375bdac-6009-4ede-8c24-76bf05c51ace
Deleted page with ID: 85bd2a5a-c901-4f16-90a8-05997a51b66b
Deleted page with ID: ec07c9e4-3532-45f1-a438-a7454b8e64ca
Deleted page with ID: 311b3ffc-693f-4e00-b9b7-160c366e79eb
Deleted page with ID: bbf91bf2-c3fa-4060-9156-e248b5b43e47
Deleted page with ID: 6f5cba82-6b33-4ced-8576-c19f983fa14d
Deleted page with ID: 48bb79b7-2157-45e5-be71-e8adf5c2abbf
Deleted page with ID: 65137a02-1bf9-49ef-b5dc-9d7a12239ff0
Deleted page with ID: 77e89bd8-de45-4a82-b2ec-6859b6724c90
Deleted page with ID: b1a8ae27-7efd-45f0-ba74-423117c5b268
Deleted page with ID: abd7d604-231c-438d-8bfb-6a81e1d2dd34
Deleted page with ID: 551ec005-3b29-4f46-a232-261bf621ac00
Deleted page with ID: ee0ff7c9-1888-4837-9301-50f781a7f6da
Deleted page with ID: cb30682e-7114-4913-9dc6-fe39864b8f58
Deleted page with ID: c4f1dad5-f965-401c-b6f8-a54b5d41b3d5
Deleted page with ID: ccb532c7-c994-4595-afe4-a3021c82d01a
Deleted page with ID: 0d0bf26e-84ac-4451-b64f-b78e174a204c
Deleted page with ID: 3ab0eb94-555b-41a3-a98a-cf25b465664b
Deleted page with ID: 814707ca-c834-4c56-a4ab-fef49978eb85
Deleted page with ID: 89e22e27-ca79-49cf-a7e7-12e5bcaba232
Deleted page with ID: 6f5587bd-ee01-4f12-99a5-818683add0d6
Deleted page with ID: 0d5841f5-01f4-46a9-9376-03c2b17bf371
Deleted page with ID: 849fdabf-f154-4b78-9e6d-da68673d9b74
Deleted page with ID: f0592b75-7d61-4088-a994-ed74dda4b3b6
Deleted page with ID: 18dc93a6-d356-4e7b-9b92-21ac4d3fb0f9
Deleted page with ID: 7dcc9c20-1e08-4224-8dd6-0806bfb6801d
Deleted page with ID: 400e1f96-5930-4db6-b892-18bddf623c25
Deleted page with ID: 89e531da-e9ab-433a-9873-f9e939c9ab99
Deleted page with ID: 0fd219ca-5b0e-4558-91e0-e44065b6989d
Deleted page with ID: e855994c-0d12-4d57-8ee4-189659be4625
Deleted page with ID: 802d07bf-805e-4c15-89d0-be89350d0d5a
Deleted page with ID: 59d71166-7db7-4a24-a08f-11e9a9ac4333
Deleted page with ID: d9d3294e-8c27-4002-8b3f-0f0221d87e3d
Deleted page with ID: 5c52fe82-5c20-4c61-af00-1847e8873b04
Deleted page with ID: 8eefe3bf-e141-4399-b0c4-695e03e21a6d
Deleted page with ID: 61c13f04-31a2-4085-be14-dde62c687f62
Deleted page with ID: ca415efd-31eb-4ff3-9a6f-235cc762ee45
Deleted page with ID: 002b765f-990b-4760-bdaf-7f37f5e75df1
Deleted page with ID: 29bfeb27-2481-4c3d-8b6e-5dd3de72785b
Deleted page with ID: a5bc4510-000f-4e6b-83ba-81f4627bca8f
Deleted page with ID: 2eedad20-0cce-41a2-82ff-5e706e1287d1
Deleted page with ID: 739443b3-87b5-41c9-b0a1-5f928febc7a5
Deleted page with ID: fad4141a-ab99-48c9-b382-51508367de76
Deleted page with ID: 74b890f7-47f1-47d0-94ee-e22ba6b27f6e
Deleted page with ID: 17800f53-5470-4e0d-9c7f-d457e5517777
Deleted page with ID: 1d152981-8ab8-486a-a03b-5fe87bb451b6
Deleted page with ID: d6aec310-684b-4c95-bb5e-2892390f81ba
Deleted page with ID: 1232f7f7-4998-4e42-a5ae-57f64c582628
Deleted page with ID: a517e85b-18e3-4823-a3b5-649bebcfc0ec
Deleted page with ID: 06939508-30c6-42b5-9a46-80ea1221c5e7
Deleted page with ID: b042d3af-bcfb-4e73-8bc7-8011b13fb1de
Deleted page with ID: f043f07a-d08f-4588-a77a-ceb979ce8a5b
Deleted page with ID: 317516c7-26de-4f6b-ba06-d3b55c788e2c
Deleted page with ID: 2c165f42-e79d-49c7-b800-70b1719969fe
Deleted page with ID: e4c34fa5-4b42-451d-acbc-db820deb4278
Deleted page with ID: 749639dc-cc72-411d-8ddb-7635f9cc32f7
Deleted page with ID: a76cc6a6-4cb3-4584-a468-253dc0e05196
Deleted page with ID: b4c41fe3-b315-40ad-b330-0738f2ceb702
Deleted page with ID: 731d9aac-b6df-4c7a-94a8-7c5e09a1ec4f
Deleted page with ID: 6341bfb1-7678-4888-9019-24806162039a
Deleted page with ID: e3f79ff2-afcf-4a31-bad8-c7ff4226e958
Deleted page with ID: f543b8ee-5aee-4e7b-9279-e2e9137d16c9
Deleted page with ID: eec4f8f9-607f-42e9-8588-b5ef560479d1
Deleted page with ID: 3919cd3c-6654-4262-8d75-a98882b02df7
Deleted page with ID: 99df6ae8-5736-473c-8f67-14e384baa37c
Deleted page with ID: 140d9fec-df08-4fbc-a88e-a38ed310698e
Deleted page with ID: 1f690275-ca2d-464c-addd-5875025ea00d
Deleted page with ID: 7ca65845-ecc3-4f6d-b095-c35fac15d28d
Deleted page with ID: cde1b632-b13b-4c69-9a31-5638e5cfbb91
Deleted page with ID: d8dadd4a-338f-426c-be04-ac5e3628da67
Deleted page with ID: 18426b25-0a94-4822-8def-60efc7e76602
Deleted page with ID: d1892bc7-8a16-40ed-a85d-de0b7c4ddcd7
Deleted page with ID: 808b1243-c112-4c28-8644-7ebfebe9336c
Deleted page with ID: 626f39b9-7f18-4083-be03-decf36fa4644
Deleted page with ID: d92b64e6-cc24-4032-9f8d-aa7877097caf
Deleted page with ID: 29a68d00-2aca-451d-a23f-f6a71751d4ff
Deleted page with ID: b6cf0f4b-f9cb-4594-a02f-2be249a1e5d6
Deleted page with ID: 0705f538-8d53-4082-b470-55f8fa736dff
Deleted page with ID: 02cdf16a-4903-484b-a84f-469c3c5b8ceb
Deleted page with ID: f6e43895-7600-45a2-9023-ba6d04a673b7
Deleted page with ID: ae76e0d5-0ee6-4666-83b2-dcb901fce9f7
Deleted page with ID: f3385b69-8535-45e3-95ce-c4b26ab4c067
Deleted page with ID: 048749fc-77f0-4ebc-a977-bcb9836caff3
Deleted page with ID: 66482fa6-2443-4b97-ae8c-8a74b28cde8d
Deleted page with ID: 17763800-e1eb-4b7f-88c4-3eff789321c3
Deleted page with ID: ccbb17eb-9da0-4934-9a49-4f68e6a79d93
Deleted page with ID: 2499f41a-ba4c-44f5-a7b6-e826d16a354a
Deleted page with ID: ebf83f41-64e9-4709-bfbd-551d5ae8ebe2
Deleted page with ID: 3c743034-4535-41c3-b4e4-980473fcf731
Deleted page with ID: 4165c420-8e59-4719-a238-d7e31d9e9600
Deleted page with ID: 58989968-6586-4ecf-8398-4552ca6d34ff
Deleted page with ID: 7172e7c8-0ae4-4ef6-b982-f5685a513dff
Deleted page with ID: a4733c4b-ae67-45f6-b2b4-675524f06f34
Deleted page with ID: b100b7e1-ccf8-46f5-b49b-374e1a79632b
Deleted page with ID: 714aa5f6-4e9d-42e0-95f0-cf280faf4e12
Deleted page with ID: 1e48c80b-16ff-4b3c-84c9-4e3f6aef49de
Deleted page with ID: d2744f60-df13-494d-995e-38100018f101
Deleted page with ID: 7260f85b-0b69-4eef-909b-b078d911b142
Deleted page with ID: fa3422d2-f36e-42b8-b74a-54f7b6cb37ee
Deleted page with ID: ea0574a2-dbb0-4758-8550-c790ff843daa
Deleted page with ID: ac1f2435-335e-416a-8e7e-1b32afeb96b3
Deleted page with ID: 3dd3dff4-5cd1-4e83-81d0-51350ddff6a1
Deleted page with ID: 97e48d2b-fa93-49e7-aaf2-ec9da36509a5
Deleted page with ID: dc91119e-ecab-40ab-9ae9-acc302f4ff05
Deleted page with ID: 65dd287b-7012-4798-bbab-0e3e2ff18858
Deleted page with ID: a18c6286-bf50-4192-8582-06c8f00ff89d
Deleted page with ID: 41356914-1b49-4876-aa79-fea6626ecebc
Deleted page with ID: 0921be78-e6db-495b-abca-fb507023e925
Deleted page with ID: a22846cd-c184-470b-b2b3-a28f021e1142
Deleted page with ID: 5837e6b0-bbba-444b-a53e-b5e877ce4243
Deleted page with ID: 19831e6a-443c-47dc-b5e8-89b29ca03e0a
Deleted page with ID: 493889cb-df0c-4e3c-8011-d6f9cd2ec2d8
Deleted page with ID: 66f55c80-fdce-4e3a-81cc-bcd72e088d93
Deleted page with ID: 396d724d-6154-4c2d-910f-8b2bc6c83c04
Deleted page with ID: 968ab5c4-b98f-4de9-b73d-610eda2d509c
Deleted page with ID: 1e836f33-a437-4c7c-8f64-be17eee2c747
Deleted page with ID: 2e71b5b8-9f76-497b-9fef-645fa223f402
Deleted page with ID: 030d1941-4665-45cf-9061-9957b030af1b
Deleted page with ID: 01603951-7ccb-4aab-88fc-23a3e3fc36a3
Deleted page with ID: 9d504d75-f763-4c3b-8c5c-24cade37e35e
Deleted page with ID: 417536d6-04eb-4039-906d-60b4c073d601
Deleted page with ID: e4da2de7-9d83-4697-a88c-2209630b2ff6
Deleted page with ID: 25b18580-81bc-45bd-b751-309a249ba4ca
Deleted page with ID: e68a11a9-9a39-4b28-a61f-cfa055af2613
Deleted page with ID: 3ba2f691-52b5-48b6-b56e-3dc491a2fdd1
Deleted page with ID: d9e38fd9-34e3-465b-ad32-ea054cae7ece
Deleted page with ID: b3a8777f-d830-4a81-affb-ee5099ab5b34
Deleted page with ID: 49cf44ab-45bd-4b87-aed2-e14cb47fc71b
Deleted page with ID: c39140f5-bf90-46c9-bf43-9a10337991e6
Deleted page with ID: 7643b154-581d-4eb0-b1a3-d6d73828e648
Deleted page with ID: 53ce4d5b-7608-4a2c-a1a3-24526fcd5dbc
Deleted page with ID: 91554aad-6f05-447d-a652-a7da877e5a39
Deleted page with ID: 75d8ef2b-9479-4577-a2a0-0350275d3fd9
Deleted page with ID: 1d2cc62a-f655-4bbc-bd42-b4e91bdc51fd
Deleted page with ID: 70e8fc39-124b-4c91-866b-5572755bb787
Deleted page with ID: a753fa46-d9eb-4b36-86bf-3b489d03511b
Deleted page with ID: 8d487a78-1c5d-4c66-a17f-9a87ed0f9b2a
Deleted page with ID: b6247e0f-d3e3-4c6c-a35d-f9dc48292406
Deleted page with ID: c40bb38e-8047-48d7-a9d9-8afc9b2d0fea
Deleted page with ID: a2951ae2-f9b5-4b8b-aa05-017e6014f030
Deleted page with ID: 0048845e-4ce8-4ff9-9281-6a4306e3751b
Deleted page with ID: 2920a219-fc03-47f8-81a1-3b3efc07ba9d
Deleted page with ID: 5d5750e9-a084-4130-8049-fba3dd9cea88
Deleted page with ID: 5b582352-e097-4ddf-881e-e2ed82a999e8
Deleted page with ID: 0d3c9a01-33e6-4be0-8604-4197c95a22a5
Deleted page with ID: d265afb8-f5f3-4a44-a0da-d7b4137ed80a
Deleted page with ID: 2e89fd67-780f-457f-963d-7219b5640d6e
Deleted page with ID: 76f921a6-c042-4c13-a33b-3f698723939a
Deleted page with ID: 96afc943-e50b-4306-97ca-b0520319ef51
Deleted page with ID: 4ee5df17-d120-43b8-a5a9-24c4eb89f8e9
Deleted page with ID: 5339ecf2-6dcc-47fd-b874-302dcc691158
Deleted page with ID: e54dba04-a35e-4244-93fb-d63d02671c8f
Deleted page with ID: 2421a72d-c4e9-4372-be47-254eb538393d
Deleted page with ID: b834f9fb-337b-41c9-83f1-ceade4e52949
Deleted page with ID: 454126b6-a3f8-4ced-b8bc-7b7a3ba3b686
Deleted page with ID: ae5412bf-0525-4383-a6ca-0ee7446af8b1
Deleted page with ID: c571d0b9-371f-4b52-be66-49ebd58ea9cc
Deleted page with ID: 6c50aad2-a7fe-48cc-93ab-ae53d62da3bb
Deleted page with ID: 27789331-f0fb-4071-a863-3adf1da81397
Deleted page with ID: 117a8481-52b5-4354-9202-e427569ced68
Deleted page with ID: 9c4c9c3e-d29e-400c-a22f-9bf71d5a19ab
Deleted page with ID: e00eeb8e-b35d-4e98-8714-5413331580aa
Deleted page with ID: ac82bb60-09be-4158-ac17-a87f1326f95b
Deleted page with ID: d10db904-8191-4518-ab79-3ab89747600a
Deleted page with ID: 6bd66eaf-d3da-4d07-99aa-db425dce832e
Deleted page with ID: caef8982-609b-4912-a62e-104cd84510d3
Deleted page with ID: e040e9f1-3538-43d0-aa3c-4c57cdafd6d6
Deleted page with ID: e2f06571-d9a9-4eae-a89d-c50ab9c143c7
Deleted page with ID: d09b509e-5e7f-400c-9272-4f47330bc403
Deleted page with ID: 21c08002-0a0a-4aea-98c0-dac2032a6397
Deleted page with ID: 8b9fc34f-8491-40e7-a36b-bbd7f16a7a43
Deleted page with ID: 59c15c2c-1abc-4748-9b17-2a27381faf67
Deleted page with ID: 4f6d6831-e12a-4849-81ea-5f71a268181e
Deleted page with ID: 7c12b7f2-eaff-4bdf-977a-4e4e3b4b90d3
Deleted page with ID: 469da565-de42-4b18-a5d0-afc24147bcbb
Deleted page with ID: dc6c24f1-51d9-4e1a-80d9-5872bf5a5821
Deleted page with ID: b9b72877-06d0-493b-b7ee-3f2d31ef21ad
Deleted page with ID: d40ebfb0-30e1-4871-90c4-99374cc9315b
Deleted page with ID: f3c9fa93-5e4c-4cde-9422-3ad37ae75fd4
Deleted page with ID: f70432b5-d0b8-43ca-80e4-a96a809da1ce
Deleted page with ID: ee53599d-9a30-4859-8288-6285219ddc93
Deleted page with ID: bb6f6b96-fec2-42d2-95cf-287004d24647
Deleted page with ID: b5a3f2aa-fd25-41e1-a577-e47559da62c2
Deleted page with ID: 607927ca-19f4-4f95-951b-8258b56825b7
Deleted page with ID: 60fe1b85-276d-43ec-8eed-7dd8251b6fd6
Deleted page with ID: 41cbe151-7af0-44b1-81dc-bdee6c24294f
Deleted page with ID: 3299540e-a508-4e13-b9f4-b685ef731b5e
Deleted page with ID: a452f64c-734e-4252-8dfa-7f858016d157
Deleted page with ID: edd8de0f-bf32-4842-8c11-6ac44d958611
Deleted page with ID: eb288b24-36c6-4d9f-abd0-7f698ac1b659
Deleted page with ID: debb1dbd-ee79-4969-866a-c6f76c965f21
Deleted page with ID: edf7a4d3-4164-461b-8188-823580e5f846
Deleted page with ID: a2f9d3ce-0c04-4c3e-b60a-5663146155a9
Deleted page with ID: d5fe35c6-046a-4027-893e-32d51c9b4142
Deleted page with ID: 6fa5a444-4b1b-4b2b-a3ed-8b4d299d223b
Deleted page with ID: 763b820c-b5b9-4306-a6f5-a682216a249c
Deleted page with ID: 106a71e0-0c8a-4285-a4a5-d913f4ca60d9
Deleted page with ID: e91cb796-197d-4491-857e-2628b5b7f361
Deleted page with ID: 4fbc9557-655c-469c-8df9-6970d39a7adb
Deleted page with ID: 2938e263-125c-424d-b5f7-9e7cc787055e
Deleted page with ID: 5e7e1dd5-7a96-4a78-b17e-4c6d3a60d3b4
Deleted page with ID: 6a13ad58-c529-4efc-9c48-837348c80e3e
Deleted page with ID: e1fd95aa-7af7-4884-bfa4-5622544559d1
Deleted page with ID: dbd69916-09a4-477f-9513-dd445a9c83a7
Deleted page with ID: 372ca375-74a0-4fc8-b18c-44ccaae763e1
Deleted page with ID: 3127f072-0101-47de-a2aa-805d5f1e4b6d
Deleted page with ID: d70ce90d-5512-4e08-b6e8-492d539f97d7
Deleted page with ID: c4f8d952-2bbc-4602-a4c6-1b36dc655874
Deleted page with ID: f1729393-4a6c-48bd-a46f-d42c52599b89
Deleted page with ID: 6a298d03-6baa-48a0-95b9-7aa0f2ab62d3
Deleted page with ID: ec90a99f-7cfc-427b-9d5a-219e45eb1e19
Deleted page with ID: 35e80f3e-9d42-481f-9522-134c7f9b15c3
Deleted page with ID: d3cc021e-b76a-4fd3-bd40-fb4e15ea9144
Duplicate removal complete.
